[INFO 2018-08-01 09:42:20:627485]Log_CUS 日志库加载
[INFO 2018-08-01 09:42:20:627677]Log_CUS 日志库加载
[INFO 2018-08-01 09:42:20:633975]数据库连接失败:SQLSTATE[HY000] [2002] Connection refused
[INFO 2018-08-01 09:43:00:069293]Log_CUS 日志库加载
[INFO 2018-08-01 09:43:00:069462]Log_CUS 日志库加载
[INFO 2018-08-01 09:43:00:075523]数据库连接失败:SQLSTATE[HY000] [2002] Connection refused
[INFO 2018-08-01 09:43:00:075843]启动失败!
[INFO 2018-08-01 09:43:29:112651]Log_CUS 日志库加载
[INFO 2018-08-01 09:43:29:112830]Log_CUS 日志库加载
[INFO 2018-08-01 09:43:29:118303]Db_CUS 数据库连接失败:SQLSTATE[HY000] [2002] Connection refused
[INFO 2018-08-01 09:43:29:118383]CUS 启动失败!
[INFO 2018-08-01 19:33:41:745188]Log_CUS 日志库加载
[INFO 2018-08-01 19:33:41:746389]CUS 开始初始化,开放端口:23345
[INFO 2018-08-01 19:33:41:749187]Log_CUS 日志库加载
[INFO 2018-08-01 19:33:41:750645]Db_CUS 数据库连接失败:SQLSTATE[HY000] [1045] Access denied for user ''@'localhost' (using password: YES)
[INFO 2018-08-01 19:33:41:750752]CUS 启动失败!
[INFO 2018-08-01 19:36:22:348469]Log_CUS 日志库成功
[INFO 2018-08-01 19:36:22:348871]CUS 开始初始化,开放端口:23345
[INFO 2018-08-01 19:36:22:349213]Log_CUS 日志库成功
[ERROR 2018-08-01 19:36:22:349892]Db_CUS 数据库连接失败:SQLSTATE[HY000] [1045] Access denied for user ''@'localhost' (using password: YES)!
[ERROR 2018-08-01 19:36:22:349924]CUS 启动失败!!
[INFO 2018-08-01 20:14:36:797059]Log_CUS 日志库成功
[INFO 2018-08-01 20:14:36:798136]CUS 开始初始化,开放端口:23345
[INFO 2018-08-01 20:14:36:798685]Log_CUS 日志库成功
[ERROR 2018-08-01 20:14:36:800384]Db_CUS 数据库连接失败:SQLSTATE[HY000] [1045] Access denied for user ''@'localhost' (using password: YES)!
[ERROR 2018-08-01 20:14:36:800420]CUS 启动失败!!
[INFO 2018-08-01 20:15:10:693141]Log_CUS 日志库成功
[INFO 2018-08-01 20:15:10:693221]CUS 开始初始化,开放端口:23345
[INFO 2018-08-01 20:15:10:693381]Log_CUS 日志库成功
[INFO 2018-08-01 20:15:10:700037]Socket_CUS swoole版本为:4.0.3
[INFO 2018-08-01 20:15:10:813188]Socket_CUS Reactor主线程启动,开始监听
[INFO 2018-08-01 20:15:10:821801]Socket_CUS TaskWorker任务进程[ID:3,pid:6759]创建
[INFO 2018-08-01 20:15:10:821807]Socket_CUS TaskWorker任务进程[ID:5,pid:6761]创建
[INFO 2018-08-01 20:15:10:821806]Socket_CUS EventWorker进程[ID:1,pid:6763]创建
[INFO 2018-08-01 20:15:10:822177]Socket_CUS EventWorker进程[ID:0,pid:6762]创建
[INFO 2018-08-01 20:15:10:822210]Socket_CUS EventWorker进程[ID:2,pid:6764]创建
[INFO 2018-08-01 20:15:10:822271]Socket_CUS TaskWorker任务进程[ID:4,pid:6760]创建
[INFO 2018-08-01 20:23:49:259778]Log_CUS 日志库成功
[INFO 2018-08-01 20:23:49:260574]CUS 开始初始化,开放端口:23345
[INFO 2018-08-01 20:23:49:260775]Log_CUS 日志库成功
[INFO 2018-08-01 20:23:49:261877]Socket_CUS swoole版本为:4.0.3
[INFO 2018-08-01 20:23:49:369372]Socket_CUS Reactor主线程启动,开始监听
[INFO 2018-08-01 20:23:49:377273]Socket_CUS EventWorker进程[ID:0,pid:6959]创建
[INFO 2018-08-01 20:23:49:377248]Socket_CUS TaskWorker任务进程[ID:4,pid:6957]创建
[INFO 2018-08-01 20:23:49:377246]Socket_CUS TaskWorker任务进程[ID:5,pid:6958]创建
[INFO 2018-08-01 20:23:49:377747]Socket_CUS EventWorker进程[ID:1,pid:6960]创建
[INFO 2018-08-01 20:23:49:377720]Socket_CUS EventWorker进程[ID:2,pid:6961]创建
[INFO 2018-08-01 20:23:49:377865]Socket_CUS TaskWorker任务进程[ID:3,pid:6956]创建
[INFO 2018-08-01 20:26:19:854112]Log_CUS 日志库成功
[INFO 2018-08-01 20:26:19:854198]CUS 开始初始化,开放端口:23345
[INFO 2018-08-01 20:26:19:854355]Log_CUS 日志库成功
[INFO 2018-08-01 20:26:19:855017]Socket_CUS swoole版本为:4.0.3
[INFO 2018-08-01 20:26:19:961900]Socket_CUS Reactor主线程启动,开始监听
[INFO 2018-08-01 20:26:19:961898]Socket_CUS TaskWorker任务进程[ID:3,pid:7019]创建
[INFO 2018-08-01 20:26:19:962371]Socket_CUS TaskWorker任务进程[ID:4,pid:7020]创建
[INFO 2018-08-01 20:26:19:962816]Socket_CUS TaskWorker任务进程[ID:5,pid:7021]创建
[INFO 2018-08-01 20:26:19:963860]Socket_CUS EventWorker进程[ID:0,pid:7022]创建
[INFO 2018-08-01 20:26:19:964224]Socket_CUS EventWorker进程[ID:1,pid:7023]创建
[INFO 2018-08-01 20:26:19:964605]Socket_CUS EventWorker进程[ID:2,pid:7024]创建
[INFO 2018-08-01 21:03:30:289586]Log_CUS 日志库成功
[INFO 2018-08-01 21:03:30:291944]CUS 开始初始化,开放端口:23345
[INFO 2018-08-01 21:03:30:292278]Log_CUS 日志库成功
[INFO 2018-08-01 21:03:30:294001]Socket_CUS swoole版本为:4.0.3
[INFO 2018-08-01 21:03:55:842456]Log_CUS 日志库成功
[INFO 2018-08-01 21:03:55:842650]CUS 开始初始化,开放端口:23345
[INFO 2018-08-01 21:03:55:842960]Log_CUS 日志库成功
[INFO 2018-08-01 21:03:55:844017]Socket_CUS swoole版本为:4.0.3
[INFO 2018-08-01 21:03:55:949463]Socket_CUS Reactor主线程启动,开始监听
[INFO 2018-08-01 21:03:55:951812]Socket_CUS EventWorker进程[ID:0,pid:7783]创建
[INFO 2018-08-01 21:03:55:951878]Socket_CUS EventWorker进程[ID:1,pid:7784]创建
[INFO 2018-08-01 21:03:55:952408]Socket_CUS EventWorker进程[ID:2,pid:7785]创建
[INFO 2018-08-04 17:05:26:313773]Log_CUS 日志库成功
[INFO 2018-08-04 17:05:26:314664]CUS 开始初始化,开放端口:23345
[INFO 2018-08-04 17:05:26:316853]Log_CUS 日志库成功
[INFO 2018-08-04 17:05:26:325247]Socket_CUS swoole版本为:4.0.3
[INFO 2018-08-04 17:05:26:441451]Socket_CUS Reactor主线程启动,开始监听
[INFO 2018-08-04 17:05:26:442054]Socket_CUS EventWorker进程[ID:2,pid:2204]创建
[INFO 2018-08-04 17:05:26:442054]Socket_CUS EventWorker进程[ID:1,pid:2203]创建
[INFO 2018-08-04 17:05:26:442102]Socket_CUS EventWorker进程[ID:0,pid:2202]创建
[INFO 2018-08-04 17:05:43:967923]Log_CUS 日志库成功
[INFO 2018-08-04 17:05:43:968010]CUS 开始初始化,开放端口:23345
[INFO 2018-08-04 17:05:43:968166]Log_CUS 日志库成功
[INFO 2018-08-04 17:05:43:968859]Socket_CUS swoole版本为:4.0.3
[INFO 2018-08-04 17:05:44:075279]Socket_CUS Reactor主线程启动,开始监听
[INFO 2018-08-04 17:05:44:077406]Socket_CUS EventWorker进程[ID:1,pid:2214]创建
[INFO 2018-08-04 17:05:44:077437]Socket_CUS EventWorker进程[ID:0,pid:2213]创建
[INFO 2018-08-04 17:05:44:077842]Socket_CUS EventWorker进程[ID:2,pid:2215]创建
[INFO 2018-08-04 17:08:20:675998]Log_CUS 日志库成功
[INFO 2018-08-04 17:08:20:676078]CUS 开始初始化,开放端口:23345
[INFO 2018-08-04 17:08:20:676228]Log_CUS 日志库成功
[INFO 2018-08-04 17:08:20:676856]Socket_CUS swoole版本为:4.0.3
[INFO 2018-08-04 17:08:20:784854]Socket_CUS EventWorker进程[ID:0,pid:2269]创建
[INFO 2018-08-04 17:08:20:784950]Socket_CUS EventWorker进程[ID:1,pid:2270]创建
[INFO 2018-08-04 17:08:20:785310]Socket_CUS Reactor主线程启动,开始监听
[INFO 2018-08-04 17:08:20:785323]Socket_CUS EventWorker进程[ID:2,pid:2271]创建
[INFO 2018-08-04 17:10:07:453254]Log_CUS 日志库成功
[INFO 2018-08-04 17:10:07:453360]CUS 开始初始化,开放端口:23345
[INFO 2018-08-04 17:10:07:453568]Log_CUS 日志库成功
[INFO 2018-08-04 17:10:07:454355]Socket_CUS swoole版本为:4.0.3
[INFO 2018-08-04 17:10:07:562659]Socket_CUS Reactor主线程启动,开始监听
[INFO 2018-08-04 17:10:07:563862]Socket_CUS EventWorker进程[ID:1,pid:2312]创建
[INFO 2018-08-04 17:10:07:563824]Socket_CUS EventWorker进程[ID:0,pid:2311]创建
[INFO 2018-08-04 17:10:07:564306]Socket_CUS EventWorker进程[ID:2,pid:2313]创建
[INFO 2018-08-04 17:19:16:046813]Log_CUS 日志库成功
[INFO 2018-08-04 17:19:16:046892]CUS 开始初始化,开放端口:23345
[INFO 2018-08-04 17:19:16:047042]Log_CUS 日志库成功
[INFO 2018-08-04 17:19:16:047672]Socket_CUS swoole版本为:4.0.3
[INFO 2018-08-04 17:19:16:154351]Socket_CUS Reactor主线程启动,开始监听
[INFO 2018-08-04 17:19:16:156475]Socket_CUS EventWorker进程[ID:0,pid:2493]创建
[INFO 2018-08-04 17:19:16:156564]Socket_CUS EventWorker进程[ID:1,pid:2494]创建
[INFO 2018-08-04 17:19:16:157094]Socket_CUS EventWorker进程[ID:2,pid:2495]创建
[INFO 2018-08-04 17:21:01:571144]Log_CUS 日志库成功
[INFO 2018-08-04 17:21:01:571250]CUS 开始初始化,开放端口:23345
[INFO 2018-08-04 17:21:01:571404]Log_CUS 日志库成功
[INFO 2018-08-04 17:21:01:572252]Socket_CUS swoole版本为:4.0.3
[INFO 2018-08-04 17:21:01:681121]Socket_CUS EventWorker进程[ID:0,pid:2531]创建
[INFO 2018-08-04 17:21:01:681215]Socket_CUS EventWorker进程[ID:1,pid:2532]创建
[INFO 2018-08-04 17:21:01:681690]Socket_CUS Reactor主线程启动,开始监听
[INFO 2018-08-04 17:21:01:681860]Socket_CUS EventWorker进程[ID:2,pid:2533]创建
[INFO 2018-08-04 17:21:14:386837]Log_CUS 日志库成功
[INFO 2018-08-04 17:21:14:386915]CUS 开始初始化,开放端口:23345
[INFO 2018-08-04 17:21:14:387065]Log_CUS 日志库成功
[INFO 2018-08-04 17:21:14:387713]Socket_CUS swoole版本为:4.0.3
[INFO 2018-08-04 17:21:14:493103]Socket_CUS Reactor主线程启动,开始监听
[INFO 2018-08-04 17:21:14:495136]Socket_CUS EventWorker进程[ID:0,pid:2542]创建
[INFO 2018-08-04 17:21:14:495348]Socket_CUS EventWorker进程[ID:1,pid:2543]创建
[INFO 2018-08-04 17:21:14:495699]Socket_CUS EventWorker进程[ID:2,pid:2544]创建
[INFO 2018-08-04 17:22:17:706166]Log_CUS 日志库成功
[INFO 2018-08-04 17:22:17:707023]CUS 开始初始化,开放端口:23345
[INFO 2018-08-04 17:22:17:707227]Log_CUS 日志库成功
[INFO 2018-08-04 17:22:17:708284]Socket_CUS swoole版本为:4.0.3
[INFO 2018-08-04 17:22:17:816038]Socket_CUS Reactor主线程启动,开始监听
[INFO 2018-08-04 17:22:17:823268]Socket_CUS EventWorker进程[ID:2,pid:2572]创建
[INFO 2018-08-04 17:22:17:823305]Socket_CUS EventWorker进程[ID:1,pid:2571]创建
[INFO 2018-08-04 17:22:17:823288]Socket_CUS EventWorker进程[ID:0,pid:2570]创建
[INFO 2018-08-04 17:25:21:912050]Log_CUS 日志库成功
[INFO 2018-08-04 17:25:21:912228]CUS 开始初始化,开放端口:23345
[INFO 2018-08-04 17:25:21:912537]Log_CUS 日志库成功
[INFO 2018-08-04 17:25:21:913944]Socket_CUS swoole版本为:4.0.3
[INFO 2018-08-04 17:25:22:021616]Socket_CUS Reactor主线程启动,开始监听
[INFO 2018-08-04 17:25:22:023658]Socket_CUS EventWorker进程[ID:0,pid:2634]创建
[INFO 2018-08-04 17:25:22:023895]Socket_CUS EventWorker进程[ID:1,pid:2635]创建
[INFO 2018-08-04 17:25:22:024049]Socket_CUS EventWorker进程[ID:2,pid:2636]创建
[INFO 2018-08-04 17:33:56:777273]Log_CUS 日志库成功
[INFO 2018-08-04 17:33:56:777364]CUS 开始初始化,开放端口:23345
[INFO 2018-08-04 17:33:56:777537]Log_CUS 日志库成功
[INFO 2018-08-04 17:33:56:778305]Socket_CUS swoole版本为:4.0.3
[INFO 2018-08-04 17:33:56:884287]Socket_CUS Reactor主线程启动,开始监听
[INFO 2018-08-04 17:33:56:886200]Socket_CUS EventWorker进程[ID:0,pid:2813]创建
[INFO 2018-08-04 17:33:56:886324]Socket_CUS EventWorker进程[ID:1,pid:2814]创建
[INFO 2018-08-04 17:33:56:886663]Socket_CUS EventWorker进程[ID:2,pid:2815]创建
[INFO 2018-08-04 17:34:17:265321]Log_CUS 日志库成功
[INFO 2018-08-04 17:34:17:265402]CUS 开始初始化,开放端口:23345
[INFO 2018-08-04 17:34:17:265552]Log_CUS 日志库成功
[INFO 2018-08-04 17:34:17:266159]Socket_CUS swoole版本为:4.0.3
[INFO 2018-08-04 17:34:17:374803]Socket_CUS EventWorker进程[ID:0,pid:2826]创建
[INFO 2018-08-04 17:34:17:374819]Socket_CUS EventWorker进程[ID:1,pid:2827]创建
[INFO 2018-08-04 17:34:17:375247]Socket_CUS EventWorker进程[ID:2,pid:2828]创建
[INFO 2018-08-04 17:34:17:375673]Socket_CUS Reactor主线程启动,开始监听
[INFO 2018-08-04 17:34:23:006480]Log_CUS 日志库成功
[INFO 2018-08-04 17:34:23:006644]CUS 开始初始化,开放端口:23345
[INFO 2018-08-04 17:34:23:006921]Log_CUS 日志库成功
[INFO 2018-08-04 17:34:23:007927]Socket_CUS swoole版本为:4.0.3
[INFO 2018-08-04 17:34:23:114348]Socket_CUS Reactor主线程启动,开始监听
[INFO 2018-08-04 17:34:23:116792]Socket_CUS EventWorker进程[ID:1,pid:2833]创建
[INFO 2018-08-04 17:34:23:116788]Socket_CUS EventWorker进程[ID:0,pid:2832]创建
[INFO 2018-08-04 17:34:23:116995]Socket_CUS EventWorker进程[ID:2,pid:2834]创建
[INFO 2018-08-04 17:34:25:849076]Log_CUS 日志库成功
[INFO 2018-08-04 17:34:25:849169]CUS 开始初始化,开放端口:23345
[INFO 2018-08-04 17:34:25:849322]Log_CUS 日志库成功
[INFO 2018-08-04 17:34:25:849959]Socket_CUS swoole版本为:4.0.3
[INFO 2018-08-04 17:34:25:958218]Socket_CUS EventWorker进程[ID:0,pid:2839]创建
[INFO 2018-08-04 17:34:25:958390]Socket_CUS EventWorker进程[ID:1,pid:2840]创建
[INFO 2018-08-04 17:34:25:958764]Socket_CUS Reactor主线程启动,开始监听
[INFO 2018-08-04 17:34:25:958840]Socket_CUS EventWorker进程[ID:2,pid:2841]创建
[INFO 2018-08-04 17:34:27:871122]Log_CUS 日志库成功
[INFO 2018-08-04 17:34:27:871231]CUS 开始初始化,开放端口:23345
[INFO 2018-08-04 17:34:27:871399]Log_CUS 日志库成功
[INFO 2018-08-04 17:34:27:872492]Socket_CUS swoole版本为:4.0.3
[INFO 2018-08-04 17:34:27:981247]Socket_CUS EventWorker进程[ID:0,pid:2845]创建
[INFO 2018-08-04 17:34:27:981364]Socket_CUS EventWorker进程[ID:1,pid:2846]创建
[INFO 2018-08-04 17:34:27:981825]Socket_CUS EventWorker进程[ID:2,pid:2847]创建
[INFO 2018-08-04 17:34:27:982261]Socket_CUS Reactor主线程启动,开始监听
[INFO 2018-08-04 17:34:36:282596]Log_CUS 日志库成功
[INFO 2018-08-04 17:34:36:282783]CUS 开始初始化,开放端口:23345
[INFO 2018-08-04 17:34:36:283089]Log_CUS 日志库成功
[INFO 2018-08-04 17:34:36:284637]Socket_CUS swoole版本为:4.0.3
[INFO 2018-08-04 17:34:36:391018]Socket_CUS Reactor主线程启动,开始监听
[INFO 2018-08-04 17:34:36:392427]Socket_CUS EventWorker进程[ID:0,pid:2852]创建
[INFO 2018-08-04 17:34:36:392756]Socket_CUS EventWorker进程[ID:1,pid:2853]创建
[INFO 2018-08-04 17:34:36:393067]Socket_CUS EventWorker进程[ID:2,pid:2854]创建
[INFO 2018-08-04 17:35:56:121278]Log_CUS 日志库成功
[INFO 2018-08-04 17:35:56:121435]CUS 开始初始化,开放端口:23345
[INFO 2018-08-04 17:36:45:491678]Socket_CUS EventWorker进程[ID:0,pid:2920]创建
[INFO 2018-08-04 17:40:54:411369]Log_CUS 日志库成功
[INFO 2018-08-04 17:40:54:411448]CUS 开始初始化,开放端口:23345
[INFO 2018-08-04 17:40:54:411601]Log_CUS 日志库成功
[INFO 2018-08-04 17:40:54:412459]Socket_CUS swoole版本为:4.0.3
[INFO 2018-08-04 17:40:54:520729]Socket_CUS Reactor主线程启动,开始监听
[INFO 2018-08-04 17:40:54:521333]Socket_CUS EventWorker进程[ID:1,pid:3005]创建
[INFO 2018-08-04 17:40:54:521305]Socket_CUS EventWorker进程[ID:0,pid:3004]创建
[INFO 2018-08-04 17:40:54:522540]Socket_CUS EventWorker进程[ID:2,pid:3006]创建
[INFO 2018-08-04 17:46:42:484417]Log_CUS 日志库成功
[INFO 2018-08-04 17:46:42:484495]CUS 开始初始化,开放端口:23345
[INFO 2018-08-04 17:46:42:484644]Log_CUS 日志库成功
[INFO 2018-08-04 17:46:42:485235]Socket_CUS swoole版本为:4.0.3
[INFO 2018-08-04 17:46:42:590828]Socket_CUS Reactor主线程启动,开始监听
[INFO 2018-08-04 17:46:42:592853]Socket_CUS EventWorker进程[ID:0,pid:3128]创建
[INFO 2018-08-04 17:46:42:593321]Socket_CUS EventWorker进程[ID:1,pid:3129]创建
[INFO 2018-08-04 17:46:42:593438]Socket_CUS EventWorker进程[ID:2,pid:3130]创建
[INFO 2018-08-04 17:47:18:195332]Log_CUS 日志库成功
[INFO 2018-08-04 17:47:18:195410]CUS 开始初始化,开放端口:23345
[INFO 2018-08-04 17:47:18:195566]Log_CUS 日志库成功
[INFO 2018-08-04 17:47:18:196199]Socket_CUS swoole版本为:4.0.3
[INFO 2018-08-04 17:47:18:303729]Socket_CUS EventWorker进程[ID:0,pid:3146]创建
[INFO 2018-08-04 17:47:18:304437]Socket_CUS Reactor主线程启动,开始监听
[INFO 2018-08-04 17:47:18:304429]Socket_CUS EventWorker进程[ID:1,pid:3147]创建
[INFO 2018-08-04 17:47:18:305471]Socket_CUS EventWorker进程[ID:2,pid:3148]创建
[INFO 2018-08-04 17:47:44:457506]Log_CUS 日志库成功
[INFO 2018-08-04 17:47:44:457584]CUS 开始初始化,开放端口:23345
[INFO 2018-08-04 17:47:44:457734]Log_CUS 日志库成功
[INFO 2018-08-04 17:47:44:458323]Socket_CUS swoole版本为:4.0.3
[INFO 2018-08-04 17:47:44:564627]Socket_CUS Reactor主线程启动,开始监听
[INFO 2018-08-04 17:47:44:566783]Socket_CUS EventWorker进程[ID:0,pid:3160]创建
[INFO 2018-08-04 17:47:44:566995]Socket_CUS EventWorker进程[ID:1,pid:3161]创建
[INFO 2018-08-04 17:47:44:567306]Socket_CUS EventWorker进程[ID:2,pid:3162]创建
[INFO 2018-08-04 17:48:04:039737]Log_CUS 日志库成功
[INFO 2018-08-04 17:48:04:039890]CUS 开始初始化,开放端口:23345
[INFO 2018-08-04 17:48:04:040044]Log_CUS 日志库成功
[INFO 2018-08-04 17:48:04:040861]Socket_CUS swoole版本为:4.0.3
[INFO 2018-08-04 17:48:04:149450]Socket_CUS Reactor主线程启动,开始监听
[INFO 2018-08-04 17:48:04:149888]Socket_CUS EventWorker进程[ID:1,pid:3174]创建
[INFO 2018-08-04 17:48:04:150128]Socket_CUS EventWorker进程[ID:0,pid:3173]创建
[INFO 2018-08-04 17:48:04:150677]Socket_CUS EventWorker进程[ID:2,pid:3175]创建
[INFO 2018-08-04 17:57:15:704453]Log_CUS 日志库成功
[INFO 2018-08-04 17:57:15:704581]CUS 开始初始化,开放端口:23345
[INFO 2018-08-04 17:57:15:704849]Log_CUS 日志库成功
[INFO 2018-08-04 17:57:15:705716]Socket_CUS swoole版本为:4.0.3
[INFO 2018-08-04 17:57:15:812565]Socket_CUS Reactor主线程启动,开始监听
[INFO 2018-08-04 17:57:15:814699]Socket_CUS EventWorker进程[ID:0,pid:3373]创建
[INFO 2018-08-04 17:57:15:816319]Socket_CUS EventWorker进程[ID:1,pid:3374]创建
[INFO 2018-08-04 17:57:15:816447]Socket_CUS EventWorker进程[ID:2,pid:3375]创建
[INFO 2018-08-04 17:59:44:692422]Log_CUS 日志库成功
[INFO 2018-08-04 17:59:44:692506]CUS 开始初始化,开放端口:23345
[INFO 2018-08-04 17:59:44:692661]Log_CUS 日志库成功
[INFO 2018-08-04 17:59:44:693242]Socket_CUS swoole版本为:4.0.3
[INFO 2018-08-04 17:59:44:801729]Socket_CUS Reactor主线程启动,开始监听
[INFO 2018-08-04 17:59:44:802153]Socket_CUS EventWorker进程[ID:1,pid:3437]创建
[INFO 2018-08-04 17:59:44:802182]Socket_CUS EventWorker进程[ID:0,pid:3436]创建
[INFO 2018-08-04 17:59:44:802575]Socket_CUS EventWorker进程[ID:2,pid:3438]创建
[INFO 2018-08-04 18:00:31:325012]Log_CUS 日志库成功
[INFO 2018-08-04 18:00:31:325091]CUS 开始初始化,开放端口:23345
[INFO 2018-08-04 18:00:31:325246]Log_CUS 日志库成功
[INFO 2018-08-04 18:00:31:325886]Socket_CUS swoole版本为:4.0.3
[INFO 2018-08-04 18:00:31:431540]Socket_CUS Reactor主线程启动,开始监听
[INFO 2018-08-04 18:00:31:433870]Socket_CUS EventWorker进程[ID:1,pid:3456]创建
[INFO 2018-08-04 18:00:31:433833]Socket_CUS EventWorker进程[ID:0,pid:3455]创建
[INFO 2018-08-04 18:00:31:433976]Socket_CUS EventWorker进程[ID:2,pid:3457]创建
[INFO 2018-08-04 18:17:49:410706]Log_CUS 日志库成功
[INFO 2018-08-04 18:17:49:410786]CUS 开始初始化,开放端口:23345
[INFO 2018-08-04 18:17:49:410935]Log_CUS 日志库成功
[INFO 2018-08-04 18:17:49:411554]Socket_CUS swoole版本为:4.0.3
[INFO 2018-08-04 18:17:49:517244]Socket_CUS Reactor主线程启动,开始监听
[INFO 2018-08-04 18:17:49:519267]Socket_CUS EventWorker进程[ID:0,pid:3797]创建
[INFO 2018-08-04 18:17:49:519943]Socket_CUS EventWorker进程[ID:2,pid:3799]创建
[INFO 2018-08-04 18:17:49:520248]Socket_CUS EventWorker进程[ID:1,pid:3798]创建
[INFO 2018-08-04 18:17:49:738843]Socket_CUS EventWorker进程[ID:0,pid:3801]创建
[INFO 2018-08-04 18:17:49:954500]Socket_CUS EventWorker进程[ID:0,pid:3802]创建
[INFO 2018-08-04 18:17:50:173208]Socket_CUS EventWorker进程[ID:0,pid:3803]创建
[INFO 2018-08-04 18:17:50:391225]Socket_CUS EventWorker进程[ID:0,pid:3804]创建
[INFO 2018-08-04 18:17:50:611234]Socket_CUS EventWorker进程[ID:0,pid:3806]创建
[INFO 2018-08-04 18:17:50:826515]Socket_CUS EventWorker进程[ID:0,pid:3807]创建
[INFO 2018-08-04 18:17:51:046172]Socket_CUS EventWorker进程[ID:0,pid:3808]创建
[INFO 2018-08-04 18:17:51:263608]Socket_CUS EventWorker进程[ID:0,pid:3809]创建
[INFO 2018-08-04 18:17:51:473729]Socket_CUS EventWorker进程[ID:0,pid:3810]创建
[INFO 2018-08-04 18:17:51:691091]Socket_CUS EventWorker进程[ID:0,pid:3811]创建
[INFO 2018-08-04 18:19:12:582135]Log_CUS 日志库成功
[INFO 2018-08-04 18:19:12:582243]CUS 开始初始化,开放端口:23345
[INFO 2018-08-04 18:19:12:582393]Log_CUS 日志库成功
[INFO 2018-08-04 18:19:12:583019]Socket_CUS swoole版本为:4.0.3
[INFO 2018-08-04 18:19:12:689182]Socket_CUS Reactor主线程启动,开始监听
[INFO 2018-08-04 18:19:12:691307]Socket_CUS EventWorker进程[ID:0,pid:3842]创建
[INFO 2018-08-04 18:19:12:691712]Socket_CUS EventWorker进程[ID:1,pid:3843]创建
[INFO 2018-08-04 18:19:12:691854]Socket_CUS EventWorker进程[ID:2,pid:3844]创建
[INFO 2018-08-04 18:19:12:902761]Socket_CUS EventWorker进程[ID:0,pid:3845]创建
[INFO 2018-08-04 18:19:13:121281]Socket_CUS EventWorker进程[ID:0,pid:3846]创建
[INFO 2018-08-04 18:19:13:342119]Socket_CUS EventWorker进程[ID:0,pid:3847]创建
[INFO 2018-08-04 18:19:13:560616]Socket_CUS EventWorker进程[ID:0,pid:3848]创建
[INFO 2018-08-04 18:19:13:779764]Socket_CUS EventWorker进程[ID:0,pid:3850]创建
[INFO 2018-08-04 18:19:13:997853]Socket_CUS EventWorker进程[ID:0,pid:3851]创建
[INFO 2018-08-04 18:19:14:210684]Socket_CUS EventWorker进程[ID:0,pid:3852]创建
[INFO 2018-08-04 18:19:14:428739]Socket_CUS EventWorker进程[ID:0,pid:3853]创建
[INFO 2018-08-04 18:20:35:924980]Log_CUS 日志库成功
[INFO 2018-08-04 18:20:35:925116]CUS 开始初始化,开放端口:23345
[INFO 2018-08-04 18:20:35:925409]Log_CUS 日志库成功
[INFO 2018-08-04 18:20:35:926956]Socket_CUS swoole版本为:4.0.3
[INFO 2018-08-04 18:20:36:033816]Socket_CUS Reactor主线程启动,开始监听
[INFO 2018-08-04 18:20:36:036106]Socket_CUS EventWorker进程[ID:0,pid:3887]创建
[INFO 2018-08-04 18:20:36:036308]Socket_CUS EventWorker进程[ID:1,pid:3888]创建
[INFO 2018-08-04 18:20:36:036659]Socket_CUS EventWorker进程[ID:2,pid:3889]创建
[INFO 2018-08-04 18:20:37:053535]Socket_CUS EventWorker进程[ID:0,pid:3890]创建
[INFO 2018-08-05 08:36:35:644134]Log_CUS 日志库成功
[INFO 2018-08-05 08:36:35:645029]CUS 开始初始化,开放端口:23345
[INFO 2018-08-05 08:36:35:646508]Log_CUS 日志库成功
[ERROR 2018-08-05 08:36:35:647551]Db_CUS 数据库连接失败:SQLSTATE[HY000] [2002] Connection refused!
[ERROR 2018-08-05 08:36:35:647577]CUS 启动失败!!
[INFO 2018-08-05 08:37:07:169004]Log_CUS 日志库成功
[INFO 2018-08-05 08:37:07:169090]CUS 开始初始化,开放端口:23345
[INFO 2018-08-05 08:37:07:169247]Log_CUS 日志库成功
[INFO 2018-08-05 08:37:07:175412]Socket_CUS swoole版本为:4.0.3
[INFO 2018-08-05 08:37:07:283451]Socket_CUS Reactor主线程启动,开始监听
[INFO 2018-08-05 08:37:07:291417]Socket_CUS EventWorker进程[ID:0,pid:745]创建
[INFO 2018-08-05 08:37:07:291416]Socket_CUS EventWorker进程[ID:2,pid:747]创建
[INFO 2018-08-05 08:37:07:291416]Socket_CUS EventWorker进程[ID:1,pid:746]创建
[INFO 2018-08-05 08:37:08:299521]a
[INFO 2018-08-05 08:37:08:328817]b
[INFO 2018-08-05 08:37:08:339800]Socket_CUS EventWorker进程[ID:0,pid:750]创建
[INFO 2018-08-05 08:37:09:341487]a
[INFO 2018-08-05 08:37:09:364213]Socket_CUS EventWorker进程[ID:0,pid:751]创建
[INFO 2018-08-05 08:37:10:366187]a
[INFO 2018-08-05 08:37:10:378871]Socket_CUS EventWorker进程[ID:0,pid:752]创建
[INFO 2018-08-05 08:37:11:379789]a
[INFO 2018-08-05 08:37:11:392478]Socket_CUS EventWorker进程[ID:0,pid:753]创建
[INFO 2018-08-05 08:37:12:394431]a
[INFO 2018-08-05 08:37:12:406717]Socket_CUS EventWorker进程[ID:0,pid:755]创建
[INFO 2018-08-05 08:37:13:408710]a
[INFO 2018-08-05 08:37:13:430423]Socket_CUS EventWorker进程[ID:0,pid:756]创建
[INFO 2018-08-05 08:37:14:432679]a
[INFO 2018-08-05 08:37:14:449494]Socket_CUS EventWorker进程[ID:0,pid:759]创建
[INFO 2018-08-05 08:38:52:674817]Log_CUS 日志库成功
[INFO 2018-08-05 08:38:52:674893]CUS 开始初始化,开放端口:23345
[INFO 2018-08-05 08:38:52:675039]Log_CUS 日志库成功
[INFO 2018-08-05 08:38:52:675682]Socket_CUS swoole版本为:4.0.3
[INFO 2018-08-05 08:38:52:782206]Socket_CUS Reactor主线程启动,开始监听
[INFO 2018-08-05 08:38:52:783496]Socket_CUS EventWorker进程[ID:0,pid:810]创建
[INFO 2018-08-05 08:38:52:783590]Socket_CUS EventWorker进程[ID:1,pid:811]创建
[INFO 2018-08-05 08:38:52:783872]Socket_CUS EventWorker进程[ID:2,pid:812]创建
[INFO 2018-08-05 08:38:53:796389]Socket_CUS EventWorker进程[ID:0,pid:813]创建
[INFO 2018-08-05 08:38:54:812842]Socket_CUS EventWorker进程[ID:0,pid:816]创建
[INFO 2018-08-05 08:41:15:498551]Log_CUS 日志库成功
[INFO 2018-08-05 08:41:15:498629]CUS 开始初始化,开放端口:23345
[INFO 2018-08-05 08:41:15:498777]Log_CUS 日志库成功
[INFO 2018-08-05 08:41:15:499438]Socket_CUS swoole版本为:4.0.3
[INFO 2018-08-05 08:41:15:605430]Socket_CUS Reactor主线程启动,开始监听
[INFO 2018-08-05 08:41:15:607514]Socket_CUS EventWorker进程[ID:0,pid:898]创建
[INFO 2018-08-05 08:41:15:607938]Socket_CUS EventWorker进程[ID:1,pid:899]创建
[INFO 2018-08-05 08:41:15:607984]Socket_CUS EventWorker进程[ID:2,pid:900]创建
[INFO 2018-08-05 08:41:16:621341]Socket_CUS EventWorker进程[ID:0,pid:901]创建
[INFO 2018-08-05 08:41:17:635221]Socket_CUS EventWorker进程[ID:0,pid:902]创建
[INFO 2018-08-05 08:42:31:847154]Log_CUS 日志库成功
[INFO 2018-08-05 08:42:31:847233]CUS 开始初始化,开放端口:23345
[INFO 2018-08-05 08:42:31:847381]Log_CUS 日志库成功
[INFO 2018-08-05 08:42:31:848045]Socket_CUS swoole版本为:4.0.3
[INFO 2018-08-05 08:42:31:955363]Socket_CUS Reactor主线程启动,开始监听
[INFO 2018-08-05 08:42:31:956101]Socket_CUS EventWorker进程[ID:0,pid:937]创建
[INFO 2018-08-05 08:42:31:956542]Socket_CUS EventWorker进程[ID:1,pid:938]创建
[INFO 2018-08-05 08:42:31:956939]Socket_CUS EventWorker进程[ID:2,pid:939]创建
[INFO 2018-08-05 08:44:29:182558]Log_CUS 日志库成功
[INFO 2018-08-05 08:44:29:182635]CUS 开始初始化,开放端口:23345
[INFO 2018-08-05 08:44:29:182782]Log_CUS 日志库成功
[INFO 2018-08-05 08:44:29:183419]Socket_CUS swoole版本为:4.0.3
[INFO 2018-08-05 08:44:29:290231]Socket_CUS Reactor主线程启动,开始监听
[INFO 2018-08-05 08:44:29:290818]Socket_CUS EventWorker进程[ID:1,pid:983]创建
[INFO 2018-08-05 08:44:29:291094]Socket_CUS EventWorker进程[ID:0,pid:982]创建
[INFO 2018-08-05 08:44:29:291553]Socket_CUS EventWorker进程[ID:2,pid:984]创建
[INFO 2018-08-05 08:46:15:079836]Log_CUS 日志库成功
[INFO 2018-08-05 08:46:15:079913]CUS 开始初始化,开放端口:23345
[INFO 2018-08-05 08:46:15:080060]Log_CUS 日志库成功
[INFO 2018-08-05 08:46:15:080698]Socket_CUS swoole版本为:4.0.3
[INFO 2018-08-05 08:46:15:186113]Socket_CUS Reactor主线程启动,开始监听
[INFO 2018-08-05 08:46:15:188210]Socket_CUS EventWorker进程[ID:0,pid:1028]创建
[INFO 2018-08-05 08:46:15:188715]Socket_CUS EventWorker进程[ID:1,pid:1029]创建
[INFO 2018-08-05 08:46:15:188744]Socket_CUS EventWorker进程[ID:2,pid:1030]创建
[INFO 2018-08-05 08:46:21:672704]Log_CUS 日志库成功
[INFO 2018-08-05 08:46:21:672782]CUS 开始初始化,开放端口:23345
[INFO 2018-08-05 08:46:21:672930]Log_CUS 日志库成功
[INFO 2018-08-05 08:46:21:673571]Socket_CUS swoole版本为:4.0.3
[INFO 2018-08-05 08:46:21:779578]Socket_CUS Reactor主线程启动,开始监听
[INFO 2018-08-05 08:46:21:781871]Socket_CUS EventWorker进程[ID:0,pid:1034]创建
[INFO 2018-08-05 08:46:21:781974]Socket_CUS EventWorker进程[ID:1,pid:1035]创建
[INFO 2018-08-05 08:46:21:782371]Socket_CUS EventWorker进程[ID:2,pid:1036]创建
[INFO 2018-08-05 08:48:16:043313]Log_CUS 日志库成功
[INFO 2018-08-05 08:48:16:043400]CUS 开始初始化,开放端口:23345
[INFO 2018-08-05 08:48:16:043558]Log_CUS 日志库成功
[INFO 2018-08-05 08:48:16:044202]Socket_CUS swoole版本为:4.0.3
[INFO 2018-08-05 08:48:16:152252]Socket_CUS Reactor主线程启动,开始监听
[INFO 2018-08-05 08:48:16:152856]Socket_CUS EventWorker进程[ID:0,pid:1079]创建
[INFO 2018-08-05 08:48:16:153007]Socket_CUS EventWorker进程[ID:1,pid:1080]创建
[INFO 2018-08-05 08:48:16:153802]Socket_CUS EventWorker进程[ID:2,pid:1081]创建
[INFO 2018-08-05 08:48:17:153888]a
[INFO 2018-08-05 08:48:18:156229]a
[INFO 2018-08-05 08:48:19:152219]a
[INFO 2018-08-05 08:48:20:153963]a
[INFO 2018-08-05 08:48:21:156124]a
[INFO 2018-08-05 08:48:22:152225]a
[INFO 2018-08-05 08:48:23:153977]a
[INFO 2018-08-05 08:48:24:155563]a
[INFO 2018-08-05 08:48:25:152209]a
[INFO 2018-08-05 08:48:26:154170]a
[INFO 2018-08-05 08:48:27:156833]a
[INFO 2018-08-05 08:48:28:152217]a
[INFO 2018-08-05 08:48:29:154007]a
[INFO 2018-08-05 08:48:30:156726]a
[INFO 2018-08-05 08:48:31:152212]a
[INFO 2018-08-05 08:48:32:153531]a
[INFO 2018-08-05 08:48:33:155726]a
[INFO 2018-08-05 08:48:34:152219]a
[INFO 2018-08-05 08:48:35:153962]a
[INFO 2018-08-05 08:48:36:155104]a
[INFO 2018-08-05 08:48:37:152207]a
[INFO 2018-08-05 08:48:38:153853]a
[INFO 2018-08-05 08:48:39:155030]a
[INFO 2018-08-05 08:48:40:152222]a
[INFO 2018-08-05 08:48:41:153782]a
[INFO 2018-08-05 08:48:42:156177]a
[INFO 2018-08-05 08:48:43:152212]a
[INFO 2018-08-05 08:48:44:154098]a
[INFO 2018-08-05 08:48:45:155790]a
[INFO 2018-08-05 08:48:46:152216]a
[INFO 2018-08-05 08:48:47:153961]a
[INFO 2018-08-05 08:48:48:156649]a
[INFO 2018-08-05 08:48:49:986901]Log_CUS 日志库成功
[INFO 2018-08-05 08:48:49:986985]CUS 开始初始化,开放端口:23345
[INFO 2018-08-05 08:48:49:987136]Log_CUS 日志库成功
[INFO 2018-08-05 08:48:49:987742]Socket_CUS swoole版本为:4.0.3
[INFO 2018-08-05 08:48:50:093905]Socket_CUS Reactor主线程启动,开始监听
[INFO 2018-08-05 08:48:50:096084]Socket_CUS EventWorker进程[ID:0,pid:1096]创建
[INFO 2018-08-05 08:48:50:096632]Socket_CUS EventWorker进程[ID:1,pid:1097]创建
[INFO 2018-08-05 08:48:50:097056]Socket_CUS EventWorker进程[ID:2,pid:1098]创建
[INFO 2018-08-05 08:48:51:096565]a
[INFO 2018-08-05 08:48:51:097422]b
[INFO 2018-08-05 08:48:52:098650]a
[INFO 2018-08-05 08:48:52:099581]b
[INFO 2018-08-05 08:48:53:095474]a
[INFO 2018-08-05 08:48:53:096143]b
[INFO 2018-08-05 08:48:54:096862]a
[INFO 2018-08-05 08:48:54:097842]b
[INFO 2018-08-05 08:48:55:098491]a
[INFO 2018-08-05 08:48:55:099346]b
[INFO 2018-08-05 08:48:56:095485]a
[INFO 2018-08-05 08:48:56:096361]b
[INFO 2018-08-05 08:48:57:097257]a
[INFO 2018-08-05 08:48:57:098239]b
[INFO 2018-08-05 08:48:58:098469]a
[INFO 2018-08-05 08:48:58:099300]b
[INFO 2018-08-05 08:48:59:095468]a
[INFO 2018-08-05 08:48:59:096019]b
[INFO 2018-08-05 08:49:00:096189]a
[INFO 2018-08-05 08:49:00:097097]b
[INFO 2018-08-05 08:49:01:097647]a
[INFO 2018-08-05 08:49:01:098564]b
[INFO 2018-08-05 08:49:02:095478]a
[INFO 2018-08-05 08:49:02:096086]b
[INFO 2018-08-05 08:49:03:097346]a
[INFO 2018-08-05 08:49:03:098871]b
[INFO 2018-08-05 08:49:04:100247]a
[INFO 2018-08-05 08:49:04:101755]b
[INFO 2018-08-05 08:49:05:095474]a
[INFO 2018-08-05 08:49:05:096123]b
[INFO 2018-08-05 08:49:06:097345]a
[INFO 2018-08-05 08:49:06:099499]b
[INFO 2018-08-05 08:49:07:109934]a
[INFO 2018-08-05 08:49:07:110689]b
[INFO 2018-08-05 08:49:08:095484]a
[INFO 2018-08-05 08:49:08:109102]b
[INFO 2018-08-05 08:49:09:109330]a
[INFO 2018-08-05 08:49:09:110414]b
[INFO 2018-08-05 08:49:10:095474]a
[INFO 2018-08-05 08:49:10:095986]b
[INFO 2018-08-05 08:49:11:097200]a
[INFO 2018-08-05 08:49:11:098387]b
[INFO 2018-08-05 08:49:12:099687]a
[INFO 2018-08-05 08:49:12:101147]b
[INFO 2018-08-05 08:49:13:095466]a
[INFO 2018-08-05 08:49:13:096036]b
[INFO 2018-08-05 08:49:14:096284]a
[INFO 2018-08-05 08:49:14:106413]b
[INFO 2018-08-05 08:49:15:118418]a
[INFO 2018-08-05 08:49:15:119443]b
[INFO 2018-08-05 08:49:16:095478]a
[INFO 2018-08-05 08:49:16:096065]b
[INFO 2018-08-05 08:49:17:097293]a
[INFO 2018-08-05 08:49:17:098885]b
[INFO 2018-08-05 08:49:18:100222]a
[INFO 2018-08-05 08:49:18:101693]b
[INFO 2018-08-05 08:49:19:095481]a
[INFO 2018-08-05 08:49:19:096272]b
[INFO 2018-08-05 08:49:19:174727]c
[INFO 2018-08-05 08:49:20:175701]a
[INFO 2018-08-05 08:49:20:176204]b
[INFO 2018-08-05 08:49:21:095470]a
[INFO 2018-08-05 08:49:21:106346]b
[INFO 2018-08-05 08:49:22:106794]a
[INFO 2018-08-05 08:49:22:108231]b
[INFO 2018-08-05 08:49:23:095480]a
[INFO 2018-08-05 08:49:23:096183]b
[INFO 2018-08-05 08:49:24:097510]a
[INFO 2018-08-05 08:49:24:098938]b
[INFO 2018-08-05 08:49:25:095474]a
[INFO 2018-08-05 08:49:25:096096]b
[INFO 2018-08-05 08:49:26:097460]a
[INFO 2018-08-05 08:49:26:098627]b
[INFO 2018-08-05 08:49:27:098868]a
[INFO 2018-08-05 08:49:27:099836]b
[INFO 2018-08-05 08:49:28:095495]a
[INFO 2018-08-05 08:49:28:096447]b
[INFO 2018-08-05 08:49:29:097634]a
[INFO 2018-08-05 08:49:29:098907]b
[INFO 2018-08-05 08:49:30:095482]a
[INFO 2018-08-05 08:49:30:096127]b
[INFO 2018-08-05 08:49:31:096550]a
[INFO 2018-08-05 08:49:31:097405]b
[INFO 2018-08-05 08:49:32:097589]a
[INFO 2018-08-05 08:49:32:098497]b
[INFO 2018-08-05 08:49:33:095482]a
[INFO 2018-08-05 08:49:33:096608]b
[INFO 2018-08-05 08:49:34:097811]a
[INFO 2018-08-05 08:49:34:098616]b
[INFO 2018-08-05 08:49:35:095470]a
[INFO 2018-08-05 08:49:35:096104]b
[INFO 2018-08-05 08:49:36:096629]a
[INFO 2018-08-05 08:49:36:097529]b
[INFO 2018-08-05 08:49:37:098572]a
[INFO 2018-08-05 08:49:37:099469]b
[INFO 2018-08-05 08:49:38:095486]a
[INFO 2018-08-05 08:49:38:096304]b
[INFO 2018-08-05 08:49:39:096659]a
[INFO 2018-08-05 08:49:39:097487]b
[INFO 2018-08-05 08:49:40:097948]a
[INFO 2018-08-05 08:49:40:100931]b
[INFO 2018-08-05 08:49:41:095473]a
[INFO 2018-08-05 08:49:41:096123]b
[INFO 2018-08-05 08:49:42:097439]a
[INFO 2018-08-05 08:49:42:099070]b
[INFO 2018-08-05 08:49:43:100290]a
[INFO 2018-08-05 08:49:43:101509]b
[INFO 2018-08-05 08:49:44:095486]a
[INFO 2018-08-05 08:49:44:096125]b
[INFO 2018-08-05 08:49:45:097357]a
[INFO 2018-08-05 08:49:45:098916]b
[INFO 2018-08-05 08:49:46:100309]a
[INFO 2018-08-05 08:49:46:101574]b
[INFO 2018-08-05 08:49:47:095466]a
[INFO 2018-08-05 08:49:47:096110]b
[INFO 2018-08-05 08:49:48:096313]a
[INFO 2018-08-05 08:49:48:097765]b
[INFO 2018-08-05 08:49:49:099055]a
[INFO 2018-08-05 08:49:49:100542]b
[INFO 2018-08-05 08:49:50:095482]a
[INFO 2018-08-05 08:49:50:096220]b
[INFO 2018-08-05 08:49:51:097502]a
[INFO 2018-08-05 08:49:51:108443]b
[INFO 2018-08-05 08:49:52:108657]a
[INFO 2018-08-05 08:49:52:109512]b
[INFO 2018-08-05 08:49:53:095468]a
[INFO 2018-08-05 08:49:53:096099]b
[INFO 2018-08-05 08:49:54:097416]a
[INFO 2018-08-05 08:49:54:098856]b
[INFO 2018-08-05 08:49:55:099939]a
[INFO 2018-08-05 08:49:55:101125]b
[INFO 2018-08-05 08:49:56:095473]a
[INFO 2018-08-05 08:49:56:096095]b
[INFO 2018-08-05 08:49:57:097313]a
[INFO 2018-08-05 08:49:57:098798]b
[INFO 2018-08-05 08:49:58:100082]a
[INFO 2018-08-05 08:49:58:101342]b
[INFO 2018-08-05 08:49:59:095466]a
[INFO 2018-08-05 08:49:59:095961]b
[INFO 2018-08-05 08:50:00:097268]a
[INFO 2018-08-05 08:50:00:098742]b
[INFO 2018-08-05 08:50:01:098902]a
[INFO 2018-08-05 08:50:01:100350]b
[INFO 2018-08-05 08:50:02:095481]a
[INFO 2018-08-05 08:50:02:096242]b
[INFO 2018-08-05 08:50:03:097565]a
[INFO 2018-08-05 08:50:03:098777]b
[INFO 2018-08-05 08:50:04:095485]a
[INFO 2018-08-05 08:50:04:096127]b
[INFO 2018-08-05 08:50:05:097359]a
[INFO 2018-08-05 08:50:05:098740]b
[INFO 2018-08-05 08:50:06:100102]a
[INFO 2018-08-05 08:50:06:101405]b
[INFO 2018-08-05 08:50:07:095473]a
[INFO 2018-08-05 08:50:07:096128]b
[INFO 2018-08-05 08:50:08:097450]a
[INFO 2018-08-05 08:50:08:098790]b
[INFO 2018-08-05 08:50:09:100160]a
[INFO 2018-08-05 08:50:09:101636]b
[INFO 2018-08-05 08:50:10:095478]a
[INFO 2018-08-05 08:50:10:096186]b
[INFO 2018-08-05 08:50:11:097446]a
[INFO 2018-08-05 08:50:11:098796]b
[INFO 2018-08-05 08:50:12:100187]a
[INFO 2018-08-05 08:50:12:101534]b
[INFO 2018-08-05 08:50:13:095471]a
[INFO 2018-08-05 08:50:13:096169]b
[INFO 2018-08-05 08:50:14:097430]a
[INFO 2018-08-05 08:50:14:098808]b
[INFO 2018-08-05 08:50:15:100126]a
[INFO 2018-08-05 08:50:15:101631]b
[INFO 2018-08-05 08:50:16:095480]a
[INFO 2018-08-05 08:50:16:096226]b
[INFO 2018-08-05 08:50:17:097529]a
[INFO 2018-08-05 08:50:17:099028]b
[INFO 2018-08-05 08:50:18:095478]a
[INFO 2018-08-05 08:50:18:096249]b
[INFO 2018-08-05 08:50:19:097524]a
[INFO 2018-08-05 08:50:19:098791]b
[INFO 2018-08-05 08:50:20:095480]a
[INFO 2018-08-05 08:50:20:096056]b
[INFO 2018-08-05 08:50:21:097293]a
[INFO 2018-08-05 08:50:21:108611]b
[INFO 2018-08-05 08:50:22:109083]a
[INFO 2018-08-05 08:50:22:110112]b
[INFO 2018-08-05 08:50:23:095492]a
[INFO 2018-08-05 08:50:23:096299]b
[INFO 2018-08-05 08:50:24:097584]a
[INFO 2018-08-05 08:50:24:098978]b
[INFO 2018-08-05 09:05:39:269302]Log_CUS 日志库成功
[INFO 2018-08-05 09:05:39:269389]CUS 开始初始化,开放端口:23345
[INFO 2018-08-05 09:05:39:269614]Log_CUS 日志库成功
[INFO 2018-08-05 09:05:39:270261]Socket_CUS swoole版本为:4.0.3
[INFO 2018-08-05 09:05:39:376508]Socket_CUS Reactor主线程启动,开始监听
[INFO 2018-08-05 09:05:39:378548]Socket_CUS EventWorker进程[ID:0,pid:1437]创建
[INFO 2018-08-05 09:05:39:378689]Socket_CUS EventWorker进程[ID:1,pid:1438]创建
[INFO 2018-08-05 09:05:39:379177]Socket_CUS EventWorker进程[ID:2,pid:1439]创建
[INFO 2018-08-05 09:07:05:674394]Log_CUS 日志库成功
[INFO 2018-08-05 09:07:05:674482]CUS 开始初始化,开放端口:23345
[INFO 2018-08-05 09:07:05:674675]Log_CUS 日志库成功
[INFO 2018-08-05 09:07:05:675318]Socket_CUS swoole版本为:4.0.3
[INFO 2018-08-05 09:07:05:781723]Socket_CUS Reactor主线程启动,开始监听
[INFO 2018-08-05 09:07:05:783374]Socket_CUS EventWorker进程[ID:0,pid:1474]创建
[INFO 2018-08-05 09:07:05:783512]Socket_CUS EventWorker进程[ID:1,pid:1475]创建
[INFO 2018-08-05 09:07:05:783774]Socket_CUS EventWorker进程[ID:2,pid:1476]创建
[INFO 2018-08-05 09:10:46:182223]Log_CUS 日志库成功
[INFO 2018-08-05 09:10:46:182311]CUS 开始初始化,开放端口:23345
[INFO 2018-08-05 09:10:46:182491]Log_CUS 日志库成功
[INFO 2018-08-05 09:10:46:183136]Socket_CUS swoole版本为:4.0.3
[INFO 2018-08-05 09:10:46:289830]Socket_CUS Reactor主线程启动,开始监听
[INFO 2018-08-05 09:10:46:292837]Socket_CUS EventWorker进程[ID:0,pid:1555]创建
[INFO 2018-08-05 09:10:46:293305]Socket_CUS EventWorker进程[ID:1,pid:1556]创建
[INFO 2018-08-05 09:10:46:293810]Socket_CUS EventWorker进程[ID:2,pid:1557]创建
[INFO 2018-08-05 09:11:39:382841]Log_CUS 日志库成功
[INFO 2018-08-05 09:11:39:382934]CUS 开始初始化,开放端口:23345
[INFO 2018-08-05 09:11:39:383145]Log_CUS 日志库成功
[INFO 2018-08-05 09:11:39:383745]Socket_CUS swoole版本为:4.0.3
[INFO 2018-08-05 09:11:39:489554]Socket_CUS Reactor主线程启动,开始监听
[INFO 2018-08-05 09:11:39:491365]Socket_CUS EventWorker进程[ID:0,pid:1579]创建
[INFO 2018-08-05 09:11:39:491417]Socket_CUS EventWorker进程[ID:1,pid:1580]创建
[INFO 2018-08-05 09:11:39:491904]Socket_CUS EventWorker进程[ID:2,pid:1581]创建
[INFO 2018-08-05 09:12:27:203747]Log_CUS 日志库成功
[INFO 2018-08-05 09:12:27:203832]CUS 开始初始化,开放端口:23345
[INFO 2018-08-05 09:12:27:204000]Log_CUS 日志库成功
[INFO 2018-08-05 09:12:27:204643]Socket_CUS swoole版本为:4.0.3
[INFO 2018-08-05 09:12:27:313096]Socket_CUS EventWorker进程[ID:0,pid:1600]创建
[INFO 2018-08-05 09:12:27:313426]Socket_CUS EventWorker进程[ID:1,pid:1601]创建
[INFO 2018-08-05 09:12:27:313739]Socket_CUS EventWorker进程[ID:2,pid:1602]创建
[INFO 2018-08-05 09:12:27:313900]Socket_CUS Reactor主线程启动,开始监听
[INFO 2018-08-05 09:12:41:389069]Log_CUS 日志库成功
[INFO 2018-08-05 09:12:41:389165]CUS 开始初始化,开放端口:23345
[INFO 2018-08-05 09:12:41:389428]Log_CUS 日志库成功
[INFO 2018-08-05 09:12:41:390157]Socket_CUS swoole版本为:4.0.3
[INFO 2018-08-05 09:12:41:495659]Socket_CUS Reactor主线程启动,开始监听
[INFO 2018-08-05 09:12:41:497425]Socket_CUS EventWorker进程[ID:1,pid:1611]创建
[INFO 2018-08-05 09:12:41:497440]Socket_CUS EventWorker进程[ID:0,pid:1610]创建
[INFO 2018-08-05 09:12:41:497819]Socket_CUS EventWorker进程[ID:2,pid:1612]创建
[INFO 2018-08-05 09:13:04:595526]Log_CUS 日志库成功
[INFO 2018-08-05 09:13:04:595628]CUS 开始初始化,开放端口:23345
[INFO 2018-08-05 09:13:04:595832]Log_CUS 日志库成功
[INFO 2018-08-05 09:13:04:596502]Socket_CUS swoole版本为:4.0.3
[INFO 2018-08-05 09:13:04:704378]Socket_CUS EventWorker进程[ID:0,pid:1623]创建
[INFO 2018-08-05 09:13:04:704810]Socket_CUS EventWorker进程[ID:1,pid:1624]创建
[INFO 2018-08-05 09:13:04:704984]Socket_CUS EventWorker进程[ID:2,pid:1625]创建
[INFO 2018-08-05 09:13:04:707168]Socket_CUS Reactor主线程启动,开始监听
[INFO 2018-08-05 09:13:24:637338]Log_CUS 日志库成功
[INFO 2018-08-05 09:13:24:637432]CUS 开始初始化,开放端口:23345
[INFO 2018-08-05 09:13:24:637665]Log_CUS 日志库成功
[INFO 2018-08-05 09:13:24:638380]Socket_CUS swoole版本为:4.0.3
[INFO 2018-08-05 09:13:24:744556]Socket_CUS Reactor主线程启动,开始监听
[INFO 2018-08-05 09:13:24:747048]Socket_CUS EventWorker进程[ID:0,pid:1635]创建
[INFO 2018-08-05 09:13:24:747598]Socket_CUS EventWorker进程[ID:1,pid:1636]创建
[INFO 2018-08-05 09:13:24:748114]Socket_CUS EventWorker进程[ID:2,pid:1637]创建
[INFO 2018-08-05 09:13:35:100603]Log_CUS 日志库成功
[INFO 2018-08-05 09:13:35:100704]CUS 开始初始化,开放端口:23345
[INFO 2018-08-05 09:13:35:100899]Log_CUS 日志库成功
[INFO 2018-08-05 09:13:35:101727]Socket_CUS swoole版本为:4.0.3
[INFO 2018-08-05 09:13:35:211672]Socket_CUS Reactor主线程启动,开始监听
[INFO 2018-08-05 09:13:35:213504]Socket_CUS EventWorker进程[ID:0,pid:1644]创建
[INFO 2018-08-05 09:13:35:213845]Socket_CUS EventWorker进程[ID:1,pid:1645]创建
[INFO 2018-08-05 09:13:35:214196]Socket_CUS EventWorker进程[ID:2,pid:1646]创建
[INFO 2018-08-05 09:27:02:834130]Log_CUS 日志库成功
[INFO 2018-08-05 09:27:02:834222]CUS 开始初始化,开放端口:23345
[INFO 2018-08-05 09:27:02:834420]Log_CUS 日志库成功
[INFO 2018-08-05 09:27:02:835041]Socket_CUS swoole版本为:4.0.3
[INFO 2018-08-05 09:27:02:942185]Socket_CUS EventWorker进程[ID:0,pid:1842]创建
[INFO 2018-08-05 09:27:02:942575]Socket_CUS EventWorker进程[ID:1,pid:1843]创建
[INFO 2018-08-05 09:27:02:942663]Socket_CUS EventWorker进程[ID:2,pid:1844]创建
[INFO 2018-08-05 09:27:02:942915]Socket_CUS Reactor主线程启动,开始监听
[INFO 2018-08-05 09:30:40:608013]Log_CUS 日志库成功
[INFO 2018-08-05 09:30:40:608135]CUS 开始初始化,开放端口:23345
[INFO 2018-08-05 09:30:40:608467]Log_CUS 日志库成功
[INFO 2018-08-05 09:30:40:610104]Socket_CUS swoole版本为:4.0.3
[INFO 2018-08-05 09:30:40:718141]Socket_CUS EventWorker进程[ID:0,pid:1920]创建
[INFO 2018-08-05 09:30:40:718245]Socket_CUS EventWorker进程[ID:1,pid:1921]创建
[INFO 2018-08-05 09:30:40:718588]Socket_CUS Reactor主线程启动,开始监听
[INFO 2018-08-05 09:30:40:718615]Socket_CUS EventWorker进程[ID:2,pid:1922]创建
[INFO 2018-08-05 12:10:40:977275]Log_CUS 日志库成功
[INFO 2018-08-05 12:10:40:977729]CUS 开始初始化,开放端口:23345
[INFO 2018-08-05 12:10:40:978014]Log_CUS 日志库成功
[INFO 2018-08-05 12:10:40:978849]Socket_CUS swoole版本为:4.0.3
[INFO 2018-08-05 12:10:41:085586]Socket_CUS Reactor主线程启动,开始监听
[INFO 2018-08-05 12:10:41:086263]Socket_CUS EventWorker进程[ID:0,pid:2866]创建
[INFO 2018-08-05 12:10:41:086352]Socket_CUS EventWorker进程[ID:1,pid:2867]创建
[INFO 2018-08-05 12:10:41:087023]Socket_CUS EventWorker进程[ID:2,pid:2868]创建
[INFO 2018-08-05 12:10:42:107593]Socket_CUS EventWorker进程[ID:0,pid:2869]创建
[INFO 2018-08-05 12:11:41:320614]Log_CUS 日志库成功
[INFO 2018-08-05 12:11:41:320699]CUS 开始初始化,开放端口:23345
[INFO 2018-08-05 12:11:41:320868]Log_CUS 日志库成功
[INFO 2018-08-05 12:11:41:321481]Socket_CUS swoole版本为:4.0.3
[INFO 2018-08-05 12:11:41:429950]Socket_CUS EventWorker进程[ID:0,pid:2898]创建
[INFO 2018-08-05 12:11:41:430342]Socket_CUS EventWorker进程[ID:1,pid:2899]创建
[INFO 2018-08-05 12:11:41:430619]Socket_CUS Reactor主线程启动,开始监听
[INFO 2018-08-05 12:11:41:430728]Socket_CUS EventWorker进程[ID:2,pid:2900]创建
[INFO 2018-08-05 12:12:44:971060]Log_CUS 日志库成功
[INFO 2018-08-05 12:12:44:971146]CUS 开始初始化,开放端口:23345
[INFO 2018-08-05 12:12:44:971306]Log_CUS 日志库成功
[INFO 2018-08-05 12:12:44:971934]Socket_CUS swoole版本为:4.0.3
[INFO 2018-08-05 12:12:45:080561]Socket_CUS EventWorker进程[ID:0,pid:2927]创建
[INFO 2018-08-05 12:12:45:080850]Socket_CUS EventWorker进程[ID:1,pid:2928]创建
[INFO 2018-08-05 12:12:45:081225]Socket_CUS EventWorker进程[ID:2,pid:2929]创建
[INFO 2018-08-05 12:12:45:081518]Socket_CUS Reactor主线程启动,开始监听
[INFO 2018-08-05 12:13:13:755202]Log_CUS 日志库成功
[INFO 2018-08-05 12:13:13:755286]CUS 开始初始化,开放端口:23345
[INFO 2018-08-05 12:13:13:755460]Log_CUS 日志库成功
[INFO 2018-08-05 12:13:13:756226]Socket_CUS swoole版本为:4.0.3
[INFO 2018-08-05 12:13:13:863471]Socket_CUS Reactor主线程启动,开始监听
[INFO 2018-08-05 12:13:13:864961]Socket_CUS EventWorker进程[ID:0,pid:2941]创建
[INFO 2018-08-05 12:13:13:865104]Socket_CUS EventWorker进程[ID:1,pid:2942]创建
[INFO 2018-08-05 12:13:13:866530]Socket_CUS EventWorker进程[ID:2,pid:2943]创建
[INFO 2018-08-05 12:13:14:879093]Socket_CUS EventWorker进程[ID:0,pid:2945]创建
[INFO 2018-08-05 12:13:44:787029]Log_CUS 日志库成功
[INFO 2018-08-05 12:13:44:787119]CUS 开始初始化,开放端口:23345
[INFO 2018-08-05 12:13:44:787290]Log_CUS 日志库成功
[INFO 2018-08-05 12:13:44:787935]Socket_CUS swoole版本为:4.0.3
[INFO 2018-08-05 12:13:44:896390]Socket_CUS EventWorker进程[ID:0,pid:2958]创建
[INFO 2018-08-05 12:13:44:897109]Socket_CUS Reactor主线程启动,开始监听
[INFO 2018-08-05 12:13:44:896650]Socket_CUS EventWorker进程[ID:1,pid:2959]创建
[INFO 2018-08-05 12:13:44:897328]Socket_CUS EventWorker进程[ID:2,pid:2960]创建
[INFO 2018-08-05 12:16:42:840065]Log_CUS 日志库成功
[INFO 2018-08-05 12:16:42:854696]CUS 开始初始化,开放端口:23345
[INFO 2018-08-05 12:16:42:868832]Log_CUS 日志库成功
[INFO 2018-08-05 12:16:42:869720]Socket_CUS swoole版本为:4.0.3
[INFO 2018-08-05 12:16:42:978646]Socket_CUS Reactor主线程启动,开始监听
[INFO 2018-08-05 12:16:42:979780]Socket_CUS EventWorker进程[ID:0,pid:3024]创建
[INFO 2018-08-05 12:16:42:979891]Socket_CUS EventWorker进程[ID:1,pid:3025]创建
[INFO 2018-08-05 12:16:42:980322]Socket_CUS EventWorker进程[ID:2,pid:3026]创建
[INFO 2018-08-05 12:17:47:989642]Log_CUS 日志库成功
[INFO 2018-08-05 12:17:47:989733]CUS 开始初始化,开放端口:23345
[INFO 2018-08-05 12:17:47:989970]Log_CUS 日志库成功
[INFO 2018-08-05 12:17:47:990650]Socket_CUS swoole版本为:4.0.3
[INFO 2018-08-05 12:17:48:098987]Socket_CUS EventWorker进程[ID:0,pid:3052]创建
[INFO 2018-08-05 12:17:48:099655]Socket_CUS EventWorker进程[ID:2,pid:3054]创建
[INFO 2018-08-05 12:17:48:099863]Socket_CUS EventWorker进程[ID:1,pid:3053]创建
[INFO 2018-08-05 12:17:48:100004]Socket_CUS Reactor主线程启动,开始监听
[INFO 2018-08-05 12:18:24:589037]Log_CUS 日志库成功
[INFO 2018-08-05 12:18:24:589137]CUS 开始初始化,开放端口:23345
[INFO 2018-08-05 12:18:24:589351]Log_CUS 日志库成功
[INFO 2018-08-05 12:18:24:590078]Socket_CUS swoole版本为:4.0.3
[INFO 2018-08-05 12:18:24:699644]Socket_CUS Reactor主线程启动,开始监听
[INFO 2018-08-05 12:18:24:701913]Socket_CUS EventWorker进程[ID:0,pid:3076]创建
[INFO 2018-08-05 12:18:24:702316]Socket_CUS EventWorker进程[ID:1,pid:3077]创建
[INFO 2018-08-05 12:18:24:702696]Socket_CUS EventWorker进程[ID:2,pid:3078]创建
[INFO 2018-08-05 12:18:37:106528]Log_CUS 日志库成功
[INFO 2018-08-05 12:18:37:106617]CUS 开始初始化,开放端口:23345
[INFO 2018-08-05 12:18:37:106833]Log_CUS 日志库成功
[INFO 2018-08-05 12:18:37:107478]Socket_CUS swoole版本为:4.0.3
[INFO 2018-08-05 12:18:37:214849]Socket_CUS Reactor主线程启动,开始监听
[INFO 2018-08-05 12:18:37:215172]Socket_CUS EventWorker进程[ID:0,pid:3087]创建
[INFO 2018-08-05 12:18:37:215473]Socket_CUS EventWorker进程[ID:1,pid:3088]创建
[INFO 2018-08-05 12:18:37:215878]Socket_CUS EventWorker进程[ID:2,pid:3089]创建
[INFO 2018-08-05 12:20:40:394107]Log_CUS 日志库成功
[INFO 2018-08-05 12:20:40:394190]CUS 开始初始化,开放端口:23345
[INFO 2018-08-05 12:20:40:394353]Log_CUS 日志库成功
[INFO 2018-08-05 12:20:40:394969]Socket_CUS swoole版本为:4.0.3
[INFO 2018-08-05 12:20:40:504669]Socket_CUS EventWorker进程[ID:0,pid:3139]创建
[INFO 2018-08-05 12:20:40:505107]Socket_CUS EventWorker进程[ID:1,pid:3140]创建
[INFO 2018-08-05 12:20:40:505404]Socket_CUS Reactor主线程启动,开始监听
[INFO 2018-08-05 12:20:40:505744]Socket_CUS EventWorker进程[ID:2,pid:3141]创建
[INFO 2018-08-05 12:21:39:787517]Log_CUS 日志库成功
[INFO 2018-08-05 12:21:39:787694]CUS 开始初始化,开放端口:23345
[INFO 2018-08-05 12:21:39:788241]Log_CUS 日志库成功
[INFO 2018-08-05 12:21:39:790099]Socket_CUS swoole版本为:4.0.3
[INFO 2018-08-05 12:21:39:897635]Socket_CUS Reactor主线程启动,开始监听
[INFO 2018-08-05 12:21:39:899734]Socket_CUS EventWorker进程[ID:0,pid:3165]创建
[INFO 2018-08-05 12:21:39:899804]Socket_CUS EventWorker进程[ID:1,pid:3166]创建
[INFO 2018-08-05 12:21:39:900238]Socket_CUS EventWorker进程[ID:2,pid:3167]创建
[INFO 2018-08-05 12:22:03:223498]Log_CUS 日志库成功
[INFO 2018-08-05 12:22:03:223785]CUS 开始初始化,开放端口:23345
[INFO 2018-08-05 12:22:03:224226]Log_CUS 日志库成功
[INFO 2018-08-05 12:22:03:225125]Socket_CUS swoole版本为:4.0.3
[INFO 2018-08-05 12:22:03:333210]Socket_CUS EventWorker进程[ID:1,pid:3180]创建
[INFO 2018-08-05 12:22:03:333211]Socket_CUS EventWorker进程[ID:0,pid:3179]创建
[INFO 2018-08-05 12:22:03:333566]Socket_CUS Reactor主线程启动,开始监听
[INFO 2018-08-05 12:22:03:333602]Socket_CUS EventWorker进程[ID:2,pid:3181]创建
[INFO 2018-08-05 12:36:38:608098]Log_CUS 日志库成功
[INFO 2018-08-05 12:36:38:610281]CUS 开始初始化,开放端口:23345
[INFO 2018-08-05 12:36:38:610704]Log_CUS 日志库成功
[INFO 2018-08-05 12:36:38:611674]Socket_CUS swoole版本为:4.0.3
[INFO 2018-08-05 12:36:38:718872]Socket_CUS Reactor主线程启动,开始监听
[INFO 2018-08-05 12:36:38:720805]Socket_CUS EventWorker进程[ID:0,pid:3474]创建
[INFO 2018-08-05 12:36:38:721507]Socket_CUS EventWorker进程[ID:1,pid:3475]创建
[INFO 2018-08-05 12:36:38:722170]Socket_CUS EventWorker进程[ID:2,pid:3476]创建
[INFO 2018-08-05 12:36:52:785327]Log_CUS 日志库成功
[INFO 2018-08-05 12:36:52:785442]CUS 开始初始化,开放端口:23345
[INFO 2018-08-05 12:36:52:785641]Log_CUS 日志库成功
[INFO 2018-08-05 12:36:52:786508]Socket_CUS swoole版本为:4.0.3
[INFO 2018-08-05 12:36:52:893052]Socket_CUS Reactor主线程启动,开始监听
[INFO 2018-08-05 12:36:52:895707]Socket_CUS EventWorker进程[ID:1,pid:3486]创建
[INFO 2018-08-05 12:36:52:895707]Socket_CUS EventWorker进程[ID:0,pid:3485]创建
[INFO 2018-08-05 12:36:52:896145]Socket_CUS EventWorker进程[ID:2,pid:3487]创建
[INFO 2018-08-05 12:37:56:755312]Log_CUS 日志库成功
[INFO 2018-08-05 12:37:56:755408]CUS 开始初始化,开放端口:23345
[INFO 2018-08-05 12:37:56:755660]Log_CUS 日志库成功
[INFO 2018-08-05 12:37:56:756458]Socket_CUS swoole版本为:4.0.3
[INFO 2018-08-05 12:37:56:865047]Socket_CUS Reactor主线程启动,开始监听
[INFO 2018-08-05 12:37:56:865244]Socket_CUS EventWorker进程[ID:1,pid:3526]创建
[INFO 2018-08-05 12:37:56:864743]Socket_CUS EventWorker进程[ID:0,pid:3525]创建
[INFO 2018-08-05 12:37:56:865334]Socket_CUS EventWorker进程[ID:2,pid:3527]创建
[INFO 2018-08-05 12:38:34:163855]Log_CUS 日志库成功
[INFO 2018-08-05 12:38:34:163957]CUS 开始初始化,开放端口:23345
[INFO 2018-08-05 12:38:34:164176]Log_CUS 日志库成功
[INFO 2018-08-05 12:38:34:164770]Socket_CUS swoole版本为:4.0.3
[INFO 2018-08-05 12:38:34:270054]Socket_CUS Reactor主线程启动,开始监听
[INFO 2018-08-05 12:38:34:271498]Socket_CUS EventWorker进程[ID:0,pid:3547]创建
[INFO 2018-08-05 12:38:34:271698]Socket_CUS EventWorker进程[ID:1,pid:3548]创建
[INFO 2018-08-05 12:38:34:272053]Socket_CUS EventWorker进程[ID:2,pid:3549]创建
[INFO 2018-08-05 12:38:42:826559]Log_CUS 日志库成功
[INFO 2018-08-05 12:38:42:826642]CUS 开始初始化,开放端口:23345
[INFO 2018-08-05 12:38:42:826794]Log_CUS 日志库成功
[INFO 2018-08-05 12:38:42:827443]Socket_CUS swoole版本为:4.0.3
[INFO 2018-08-05 12:38:42:934168]Socket_CUS Reactor主线程启动,开始监听
[INFO 2018-08-05 12:38:42:936653]Socket_CUS EventWorker进程[ID:0,pid:3558]创建
[INFO 2018-08-05 12:38:42:937144]Socket_CUS EventWorker进程[ID:2,pid:3560]创建
[INFO 2018-08-05 12:38:42:937129]Socket_CUS EventWorker进程[ID:1,pid:3559]创建
[INFO 2018-08-05 12:48:04:457546]Log_CUS 日志库成功
[INFO 2018-08-05 12:48:04:457639]CUS 开始初始化,开放端口:23345
[INFO 2018-08-05 12:48:04:457821]Log_CUS 日志库成功
[INFO 2018-08-05 12:48:04:458487]Socket_CUS swoole版本为:4.0.3
[INFO 2018-08-05 12:48:04:565014]Socket_CUS Reactor主线程启动,开始监听
[INFO 2018-08-05 12:48:04:566927]Socket_CUS EventWorker进程[ID:0,pid:3769]创建
[INFO 2018-08-05 12:48:04:567278]Socket_CUS EventWorker进程[ID:1,pid:3770]创建
[INFO 2018-08-05 12:48:04:567773]Socket_CUS EventWorker进程[ID:2,pid:3771]创建
[INFO 2018-08-05 12:48:27:929943]Log_CUS 日志库成功
[INFO 2018-08-05 12:48:27:930114]CUS 开始初始化,开放端口:23345
[INFO 2018-08-05 12:48:27:930389]Log_CUS 日志库成功
[INFO 2018-08-05 12:48:27:931145]Socket_CUS swoole版本为:4.0.3
[INFO 2018-08-05 12:48:28:039715]Socket_CUS EventWorker进程[ID:0,pid:3785]创建
[INFO 2018-08-05 12:48:28:039901]Socket_CUS EventWorker进程[ID:1,pid:3786]创建
[INFO 2018-08-05 12:48:28:040350]Socket_CUS Reactor主线程启动,开始监听
[INFO 2018-08-05 12:48:28:040317]Socket_CUS EventWorker进程[ID:2,pid:3787]创建
[INFO 2018-08-05 12:49:18:404721]Log_CUS 日志库成功
[INFO 2018-08-05 12:49:18:404819]CUS 开始初始化,开放端口:23345
[INFO 2018-08-05 12:49:18:405013]Log_CUS 日志库成功
[INFO 2018-08-05 12:49:18:405698]Socket_CUS swoole版本为:4.0.3
[INFO 2018-08-05 12:49:18:514232]Socket_CUS EventWorker进程[ID:1,pid:3809]创建
[INFO 2018-08-05 12:49:18:514232]Socket_CUS EventWorker进程[ID:0,pid:3808]创建
[INFO 2018-08-05 12:49:18:514419]Socket_CUS EventWorker进程[ID:2,pid:3810]创建
[INFO 2018-08-05 12:49:18:515496]Socket_CUS Reactor主线程启动,开始监听
[INFO 2018-08-05 12:49:40:774496]Log_CUS 日志库成功
[INFO 2018-08-05 12:49:40:774580]CUS 开始初始化,开放端口:23345
[INFO 2018-08-05 12:49:40:774774]Log_CUS 日志库成功
[INFO 2018-08-05 12:49:40:775412]Socket_CUS swoole版本为:4.0.3
[INFO 2018-08-05 12:49:40:881701]Socket_CUS Reactor主线程启动,开始监听
[INFO 2018-08-05 12:49:40:884113]Socket_CUS EventWorker进程[ID:0,pid:3820]创建
[INFO 2018-08-05 12:49:40:884473]Socket_CUS EventWorker进程[ID:1,pid:3821]创建
[INFO 2018-08-05 12:49:40:885388]Socket_CUS EventWorker进程[ID:2,pid:3822]创建
[INFO 2018-08-05 12:55:59:758672]Log_CUS 日志库成功
[INFO 2018-08-05 12:55:59:758778]CUS 开始初始化,开放端口:23345
[INFO 2018-08-05 12:55:59:758955]Log_CUS 日志库成功
[INFO 2018-08-05 12:55:59:759718]Socket_CUS swoole版本为:4.0.3
[INFO 2018-08-05 12:55:59:866327]Socket_CUS Reactor主线程启动,开始监听
[INFO 2018-08-05 12:55:59:868466]Socket_CUS EventWorker进程[ID:0,pid:3958]创建
[INFO 2018-08-05 12:55:59:868705]Socket_CUS EventWorker进程[ID:1,pid:3959]创建
[INFO 2018-08-05 12:55:59:869253]Socket_CUS EventWorker进程[ID:2,pid:3960]创建
[INFO 2018-08-05 12:59:30:409356]Log_CUS 日志库成功
[INFO 2018-08-05 12:59:30:409861]CUS 开始初始化,开放端口:23345
[INFO 2018-08-05 12:59:30:410234]Log_CUS 日志库成功
[INFO 2018-08-05 12:59:30:411136]Socket_CUS swoole版本为:4.0.3
[INFO 2018-08-05 12:59:30:518370]Socket_CUS Reactor主线程启动,开始监听
[INFO 2018-08-05 12:59:30:520344]Socket_CUS EventWorker进程[ID:0,pid:4034]创建
[INFO 2018-08-05 12:59:30:520628]Socket_CUS EventWorker进程[ID:1,pid:4035]创建
[INFO 2018-08-05 12:59:30:521026]Socket_CUS EventWorker进程[ID:2,pid:4036]创建
[INFO 2018-08-05 13:00:01:786315]Log_CUS 日志库成功
[INFO 2018-08-05 13:00:01:786411]CUS 开始初始化,开放端口:23345
[INFO 2018-08-05 13:00:01:786596]Log_CUS 日志库成功
[INFO 2018-08-05 13:00:01:787251]Socket_CUS swoole版本为:4.0.3
[INFO 2018-08-05 13:00:01:894144]Socket_CUS Reactor主线程启动,开始监听
[INFO 2018-08-05 13:00:01:896531]Socket_CUS EventWorker进程[ID:0,pid:4051]创建
[INFO 2018-08-05 13:00:01:897662]Socket_CUS EventWorker进程[ID:2,pid:4053]创建
[INFO 2018-08-05 13:00:01:898258]Socket_CUS EventWorker进程[ID:1,pid:4052]创建
[INFO 2018-08-05 13:00:05:794043]Log_CUS 日志库成功
[INFO 2018-08-05 13:00:05:794127]CUS 开始初始化,开放端口:23345
[INFO 2018-08-05 13:00:05:794288]Log_CUS 日志库成功
[INFO 2018-08-05 13:00:05:794922]Socket_CUS swoole版本为:4.0.3
[INFO 2018-08-05 13:00:05:902321]Socket_CUS EventWorker进程[ID:0,pid:4058]创建
[INFO 2018-08-05 13:00:05:902872]Socket_CUS EventWorker进程[ID:1,pid:4059]创建
[INFO 2018-08-05 13:00:05:903096]Socket_CUS EventWorker进程[ID:2,pid:4060]创建
[INFO 2018-08-05 13:00:05:903961]Socket_CUS Reactor主线程启动,开始监听
[INFO 2018-08-05 13:05:07:264534]Log_CUS 日志库成功
[INFO 2018-08-05 13:05:07:264679]CUS 开始初始化,开放端口:23345
[INFO 2018-08-05 13:05:07:264861]Log_CUS 日志库成功
[INFO 2018-08-05 13:05:07:265515]Socket_CUS swoole版本为:4.0.3
[INFO 2018-08-05 13:05:07:371496]Socket_CUS Reactor主线程启动,开始监听
[INFO 2018-08-05 13:05:07:373841]Socket_CUS EventWorker进程[ID:0,pid:4174]创建
[INFO 2018-08-05 13:05:07:373925]Socket_CUS EventWorker进程[ID:1,pid:4175]创建
[INFO 2018-08-05 13:05:07:374358]Socket_CUS EventWorker进程[ID:2,pid:4176]创建
[INFO 2018-08-05 13:10:14:655233]Log_CUS 日志库成功
[INFO 2018-08-05 13:10:14:656069]CUS 开始初始化,开放端口:23345
[INFO 2018-08-05 13:10:14:656453]Log_CUS 日志库成功
[INFO 2018-08-05 13:10:14:657393]Socket_CUS swoole版本为:4.0.3
[INFO 2018-08-05 13:10:14:764706]Socket_CUS Reactor主线程启动,开始监听
[INFO 2018-08-05 13:10:14:766918]Socket_CUS EventWorker进程[ID:0,pid:4290]创建
[INFO 2018-08-05 13:10:14:767020]Socket_CUS EventWorker进程[ID:1,pid:4291]创建
[INFO 2018-08-05 13:10:14:767430]Socket_CUS EventWorker进程[ID:2,pid:4292]创建
[INFO 2018-08-05 13:11:49:994884]Log_CUS 日志库成功
[INFO 2018-08-05 13:11:49:994982]CUS 开始初始化,开放端口:23345
[INFO 2018-08-05 13:11:49:995179]Log_CUS 日志库成功
[INFO 2018-08-05 13:11:49:995813]Socket_CUS swoole版本为:4.0.3
[INFO 2018-08-05 13:11:50:101861]Socket_CUS Reactor主线程启动,开始监听
[INFO 2018-08-05 13:11:50:103849]Socket_CUS EventWorker进程[ID:0,pid:4324]创建
[INFO 2018-08-05 13:11:50:104763]Socket_CUS EventWorker进程[ID:2,pid:4326]创建
[INFO 2018-08-05 13:11:50:104851]Socket_CUS EventWorker进程[ID:1,pid:4325]创建
[INFO 2018-08-05 13:12:59:246680]Log_CUS 日志库成功
[INFO 2018-08-05 13:12:59:248386]CUS 开始初始化,开放端口:23345
[INFO 2018-08-05 13:12:59:249228]Log_CUS 日志库成功
[INFO 2018-08-05 13:12:59:251832]Socket_CUS swoole版本为:4.0.3
[INFO 2018-08-05 13:12:59:363622]Socket_CUS Reactor主线程启动,开始监听
[INFO 2018-08-05 13:12:59:368818]Socket_CUS EventWorker进程[ID:1,pid:4353]创建
[INFO 2018-08-05 13:12:59:368882]Socket_CUS EventWorker进程[ID:2,pid:4354]创建
[INFO 2018-08-05 13:12:59:369173]Socket_CUS EventWorker进程[ID:0,pid:4352]创建
[INFO 2018-08-05 13:20:28:308797]Log_CUS 日志库成功
[INFO 2018-08-05 13:20:28:309718]CUS 开始初始化,开放端口:23345
[INFO 2018-08-05 13:20:28:310019]Log_CUS 日志库成功
[INFO 2018-08-05 13:20:28:311382]Socket_CUS swoole版本为:4.0.3
[INFO 2018-08-05 13:20:28:421643]Socket_CUS Reactor主线程启动,开始监听
[INFO 2018-08-05 13:20:28:427121]Socket_CUS EventWorker进程[ID:2,pid:4509]创建
[INFO 2018-08-05 13:20:28:427167]Socket_CUS EventWorker进程[ID:0,pid:4507]创建
[INFO 2018-08-05 13:20:28:427118]Socket_CUS EventWorker进程[ID:1,pid:4508]创建
[INFO 2018-08-05 13:21:44:603289]Log_CUS 日志库成功
[INFO 2018-08-05 13:21:44:603421]CUS 开始初始化,开放端口:23345
[INFO 2018-08-05 13:21:44:603613]Log_CUS 日志库成功
[INFO 2018-08-05 13:21:44:604465]Socket_CUS swoole版本为:4.0.3
[INFO 2018-08-05 13:21:44:710619]Socket_CUS Reactor主线程启动,开始监听
[INFO 2018-08-05 13:21:44:713998]Socket_CUS EventWorker进程[ID:0,pid:4540]创建
[INFO 2018-08-05 13:21:44:714464]Socket_CUS EventWorker进程[ID:1,pid:4541]创建
[INFO 2018-08-05 13:21:44:714878]Socket_CUS EventWorker进程[ID:2,pid:4542]创建
[INFO 2018-08-05 13:22:57:676446]Log_CUS 日志库成功
[INFO 2018-08-05 13:22:57:676544]CUS 开始初始化,开放端口:23345
[INFO 2018-08-05 13:22:57:676707]Log_CUS 日志库成功
[INFO 2018-08-05 13:22:57:677431]Socket_CUS swoole版本为:4.0.3
[INFO 2018-08-05 13:22:57:785966]Socket_CUS EventWorker进程[ID:0,pid:4571]创建
[INFO 2018-08-05 13:22:57:786928]Socket_CUS Reactor主线程启动,开始监听
[INFO 2018-08-05 13:22:57:787096]Socket_CUS EventWorker进程[ID:1,pid:4572]创建
[INFO 2018-08-05 13:22:57:788411]Socket_CUS EventWorker进程[ID:2,pid:4573]创建
[INFO 2018-08-05 13:23:41:233287]Log_CUS 日志库成功
[INFO 2018-08-05 13:23:41:233414]CUS 开始初始化,开放端口:23345
[INFO 2018-08-05 13:23:41:233626]Log_CUS 日志库成功
[INFO 2018-08-05 13:23:41:234426]Socket_CUS swoole版本为:4.0.3
[INFO 2018-08-05 13:23:41:342700]Socket_CUS EventWorker进程[ID:0,pid:4593]创建
[INFO 2018-08-05 13:23:41:342982]Socket_CUS EventWorker进程[ID:1,pid:4594]创建
[INFO 2018-08-05 13:23:41:343197]Socket_CUS EventWorker进程[ID:2,pid:4595]创建
[INFO 2018-08-05 13:23:41:344428]Socket_CUS Reactor主线程启动,开始监听
[INFO 2018-08-05 13:25:22:673707]Log_CUS 日志库成功
[INFO 2018-08-05 13:25:22:674657]CUS 开始初始化,开放端口:23345
[INFO 2018-08-05 13:25:22:675016]Log_CUS 日志库成功
[INFO 2018-08-05 13:25:22:676576]Socket_CUS swoole版本为:4.0.3
[INFO 2018-08-05 13:25:22:786641]Socket_CUS Reactor主线程启动,开始监听
[INFO 2018-08-05 13:25:22:792300]Socket_CUS EventWorker进程[ID:2,pid:4641]创建
[INFO 2018-08-05 13:25:22:792312]Socket_CUS EventWorker进程[ID:1,pid:4640]创建
[INFO 2018-08-05 13:25:22:792312]Socket_CUS EventWorker进程[ID:0,pid:4639]创建
[INFO 2018-08-05 13:26:30:452441]Log_CUS 日志库成功
[INFO 2018-08-05 13:26:30:452531]CUS 开始初始化,开放端口:23345
[INFO 2018-08-05 13:26:30:452687]Log_CUS 日志库成功
[INFO 2018-08-05 13:26:30:453356]Socket_CUS swoole版本为:4.0.3
[INFO 2018-08-05 13:26:30:559240]Socket_CUS Reactor主线程启动,开始监听
[INFO 2018-08-05 13:26:30:562110]Socket_CUS EventWorker进程[ID:0,pid:4669]创建
[INFO 2018-08-05 13:26:30:562405]Socket_CUS EventWorker进程[ID:1,pid:4670]创建
[INFO 2018-08-05 13:26:30:562682]Socket_CUS EventWorker进程[ID:2,pid:4671]创建
[INFO 2018-08-05 13:33:33:697179]Log_CUS 日志库成功
[INFO 2018-08-05 13:33:33:697930]CUS 开始初始化,开放端口:23345
[INFO 2018-08-05 13:33:33:698158]Log_CUS 日志库成功
[INFO 2018-08-05 13:33:33:698800]Socket_CUS swoole版本为:4.0.3
[INFO 2018-08-05 13:33:33:806180]Socket_CUS Reactor主线程启动,开始监听
[INFO 2018-08-05 13:33:33:813668]Socket_CUS EventWorker进程[ID:1,pid:4817]创建
[INFO 2018-08-05 13:33:33:813672]Socket_CUS EventWorker进程[ID:0,pid:4816]创建
[INFO 2018-08-05 13:33:33:813668]Socket_CUS EventWorker进程[ID:2,pid:4818]创建
[INFO 2018-08-05 13:33:59:664767]Log_CUS 日志库成功
[INFO 2018-08-05 13:33:59:665621]CUS 开始初始化,开放端口:23345
[INFO 2018-08-05 13:33:59:665861]Log_CUS 日志库成功
[INFO 2018-08-05 13:33:59:667322]Socket_CUS swoole版本为:4.0.3
[INFO 2018-08-05 13:33:59:775531]Socket_CUS Reactor主线程启动,开始监听
[INFO 2018-08-05 13:33:59:783159]Socket_CUS EventWorker进程[ID:2,pid:4834]创建
[INFO 2018-08-05 13:33:59:783159]Socket_CUS EventWorker进程[ID:0,pid:4832]创建
[INFO 2018-08-05 13:33:59:783164]Socket_CUS EventWorker进程[ID:1,pid:4833]创建
[INFO 2018-08-05 13:46:57:846389]Log_CUS 日志库成功
[INFO 2018-08-05 13:46:57:847424]CUS 开始初始化,开放端口:23345
[INFO 2018-08-05 13:46:57:847716]Log_CUS 日志库成功
[INFO 2018-08-05 13:46:57:848776]Socket_CUS swoole版本为:4.0.3
[INFO 2018-08-05 13:46:57:956904]Socket_CUS Reactor主线程启动,开始监听
[INFO 2018-08-05 13:46:57:964476]Socket_CUS EventWorker进程[ID:2,pid:5119]创建
[INFO 2018-08-05 13:46:57:964486]Socket_CUS EventWorker进程[ID:0,pid:5117]创建
[INFO 2018-08-05 13:46:57:964486]Socket_CUS EventWorker进程[ID:1,pid:5118]创建
[INFO 2018-08-05 13:47:44:671081]Log_CUS 日志库成功
[INFO 2018-08-05 13:47:44:671174]CUS 开始初始化,开放端口:23345
[INFO 2018-08-05 13:47:44:671330]Log_CUS 日志库成功
[INFO 2018-08-05 13:47:44:671939]Socket_CUS swoole版本为:4.0.3
[INFO 2018-08-05 13:47:44:778023]Socket_CUS Reactor主线程启动,开始监听
[INFO 2018-08-05 13:47:44:779728]Socket_CUS EventWorker进程[ID:0,pid:5141]创建
[INFO 2018-08-05 13:47:44:780620]Socket_CUS EventWorker进程[ID:1,pid:5142]创建
[INFO 2018-08-05 13:47:44:781608]Socket_CUS EventWorker进程[ID:2,pid:5143]创建
[INFO 2018-08-05 13:51:22:599042]Log_CUS 日志库成功
[INFO 2018-08-05 13:51:22:599132]CUS 开始初始化,开放端口:23345
[INFO 2018-08-05 13:51:22:599286]Log_CUS 日志库成功
[INFO 2018-08-05 13:51:22:599995]Socket_CUS swoole版本为:4.0.3
[INFO 2018-08-05 13:51:22:709484]Socket_CUS Reactor主线程启动,开始监听
[INFO 2018-08-05 13:51:22:709162]Socket_CUS EventWorker进程[ID:1,pid:5222]创建
[INFO 2018-08-05 13:51:22:709014]Socket_CUS EventWorker进程[ID:0,pid:5221]创建
[INFO 2018-08-05 13:51:22:709861]Socket_CUS EventWorker进程[ID:2,pid:5223]创建
[INFO 2018-08-05 13:53:14:552639]Log_CUS 日志库成功
[INFO 2018-08-05 13:53:14:552737]CUS 开始初始化,开放端口:23345
[INFO 2018-08-05 13:53:14:552889]Log_CUS 日志库成功
[INFO 2018-08-05 13:53:14:553530]Socket_CUS swoole版本为:4.0.3
[INFO 2018-08-05 13:53:14:660440]Socket_CUS Reactor主线程启动,开始监听
[INFO 2018-08-05 13:53:14:662090]Socket_CUS EventWorker进程[ID:0,pid:5271]创建
[INFO 2018-08-05 13:53:14:662302]Socket_CUS EventWorker进程[ID:1,pid:5272]创建
[INFO 2018-08-05 13:53:14:662570]Socket_CUS EventWorker进程[ID:2,pid:5273]创建
[INFO 2018-08-05 13:53:32:154991]Log_CUS 日志库成功
[INFO 2018-08-05 13:53:32:155090]CUS 开始初始化,开放端口:23345
[INFO 2018-08-05 13:53:32:155245]Log_CUS 日志库成功
[INFO 2018-08-05 13:53:32:155908]Socket_CUS swoole版本为:4.0.3
[INFO 2018-08-05 13:53:32:262093]Socket_CUS Reactor主线程启动,开始监听
[INFO 2018-08-05 13:53:32:263576]Socket_CUS EventWorker进程[ID:0,pid:5283]创建
[INFO 2018-08-05 13:53:32:264045]Socket_CUS EventWorker进程[ID:1,pid:5284]创建
[INFO 2018-08-05 13:53:32:264211]Socket_CUS EventWorker进程[ID:2,pid:5285]创建
[INFO 2018-08-05 13:54:35:568372]Log_CUS 日志库成功
[INFO 2018-08-05 13:54:35:568504]CUS 开始初始化,开放端口:23345
[INFO 2018-08-05 13:54:35:568743]Log_CUS 日志库成功
[INFO 2018-08-05 13:54:35:569561]Socket_CUS swoole版本为:4.0.3
[INFO 2018-08-05 13:54:35:678781]Socket_CUS EventWorker进程[ID:0,pid:5311]创建
[INFO 2018-08-05 13:54:35:678838]Socket_CUS EventWorker进程[ID:1,pid:5312]创建
[INFO 2018-08-05 13:54:35:679045]Socket_CUS EventWorker进程[ID:2,pid:5313]创建
[INFO 2018-08-05 13:54:35:679725]Socket_CUS Reactor主线程启动,开始监听
[INFO 2018-08-05 13:56:49:438624]Log_CUS 日志库成功
[INFO 2018-08-05 13:56:49:438717]CUS 开始初始化,开放端口:23345
[INFO 2018-08-05 13:56:49:438934]Log_CUS 日志库成功
[INFO 2018-08-05 13:56:49:439627]Socket_CUS swoole版本为:4.0.3
[INFO 2018-08-05 13:56:49:548040]Socket_CUS Reactor主线程启动,开始监听
[INFO 2018-08-05 13:56:49:548876]Socket_CUS EventWorker进程[ID:1,pid:5361]创建
[INFO 2018-08-05 13:56:49:549727]Socket_CUS EventWorker进程[ID:2,pid:5362]创建
[INFO 2018-08-05 13:56:49:549665]Socket_CUS EventWorker进程[ID:0,pid:5360]创建
[INFO 2018-08-05 13:57:06:708781]Log_CUS 日志库成功
[INFO 2018-08-05 13:57:06:708879]CUS 开始初始化,开放端口:23345
[INFO 2018-08-05 13:57:06:709035]Log_CUS 日志库成功
[INFO 2018-08-05 13:57:06:709826]Socket_CUS swoole版本为:4.0.3
[INFO 2018-08-05 13:57:06:818241]Socket_CUS EventWorker进程[ID:0,pid:5372]创建
[INFO 2018-08-05 13:57:06:818519]Socket_CUS EventWorker进程[ID:1,pid:5373]创建
[INFO 2018-08-05 13:57:06:818781]Socket_CUS EventWorker进程[ID:2,pid:5374]创建
[INFO 2018-08-05 13:57:06:819058]Socket_CUS Reactor主线程启动,开始监听
[INFO 2018-08-05 13:57:07:935802]Socket_CUS EventWorker进程[ID:0,pid:5375]创建
[INFO 2018-08-05 13:57:08:950469]Socket_CUS EventWorker进程[ID:0,pid:5376]创建
[INFO 2018-08-05 13:57:09:969030]Socket_CUS EventWorker进程[ID:0,pid:5377]创建
[INFO 2018-08-05 13:58:31:689997]Log_CUS 日志库成功
[INFO 2018-08-05 13:58:31:690942]CUS 开始初始化,开放端口:23345
[INFO 2018-08-05 13:58:31:691214]Log_CUS 日志库成功
[INFO 2018-08-05 13:58:31:692071]Socket_CUS swoole版本为:4.0.3
[INFO 2018-08-05 13:58:31:802152]Socket_CUS EventWorker进程[ID:0,pid:5412]创建
[INFO 2018-08-05 13:58:31:802657]Socket_CUS Reactor主线程启动,开始监听
[INFO 2018-08-05 13:58:31:802940]Socket_CUS EventWorker进程[ID:1,pid:5413]创建
[INFO 2018-08-05 13:58:31:803145]Socket_CUS EventWorker进程[ID:2,pid:5414]创建
[INFO 2018-08-05 13:58:32:912640]Socket_CUS EventWorker进程[ID:0,pid:5415]创建
[INFO 2018-08-05 13:58:33:936136]Socket_CUS EventWorker进程[ID:0,pid:5416]创建
[INFO 2018-08-05 13:58:34:948764]Socket_CUS EventWorker进程[ID:0,pid:5419]创建
[INFO 2018-08-05 14:02:07:958141]Log_CUS 日志库成功
[INFO 2018-08-05 14:02:07:958230]CUS 开始初始化,开放端口:23345
[INFO 2018-08-05 14:02:07:958386]Log_CUS 日志库成功
[INFO 2018-08-05 14:02:07:959034]Socket_CUS swoole版本为:4.0.3
[INFO 2018-08-05 14:02:08:064958]Socket_CUS Reactor主线程启动,开始监听
[INFO 2018-08-05 14:02:08:067000]Socket_CUS EventWorker进程[ID:0,pid:5499]创建
[INFO 2018-08-05 14:02:08:067699]Socket_CUS EventWorker进程[ID:2,pid:5501]创建
[INFO 2018-08-05 14:02:08:067622]Socket_CUS EventWorker进程[ID:1,pid:5500]创建
[INFO 2018-08-05 14:02:17:094537]Socket_CUS EventWorker进程[ID:0,pid:5506]创建
[INFO 2018-08-05 14:02:18:107507]Socket_CUS EventWorker进程[ID:0,pid:5507]创建
[INFO 2018-08-05 14:02:19:120914]Socket_CUS EventWorker进程[ID:0,pid:5508]创建
[INFO 2018-08-05 14:02:20:132833]Socket_CUS EventWorker进程[ID:0,pid:5509]创建
[INFO 2018-08-05 14:02:21:144569]Socket_CUS EventWorker进程[ID:0,pid:5511]创建
[INFO 2018-08-05 14:02:22:157082]Socket_CUS EventWorker进程[ID:0,pid:5512]创建
[INFO 2018-08-05 14:02:23:169650]Socket_CUS EventWorker进程[ID:0,pid:5513]创建
[INFO 2018-08-05 14:02:24:192336]Socket_CUS EventWorker进程[ID:0,pid:5514]创建
[INFO 2018-08-05 14:02:25:205046]Socket_CUS EventWorker进程[ID:0,pid:5517]创建
[INFO 2018-08-05 14:02:26:220962]Socket_CUS EventWorker进程[ID:0,pid:5518]创建
[INFO 2018-08-05 14:02:51:749619]Log_CUS 日志库成功
[INFO 2018-08-05 14:02:51:749784]CUS 开始初始化,开放端口:23345
[INFO 2018-08-05 14:02:51:750027]Log_CUS 日志库成功
[INFO 2018-08-05 14:02:51:750969]Socket_CUS swoole版本为:4.0.3
[INFO 2018-08-05 14:02:51:856851]Socket_CUS Reactor主线程启动,开始监听
[INFO 2018-08-05 14:02:51:858747]Socket_CUS EventWorker进程[ID:0,pid:5530]创建
[INFO 2018-08-05 14:02:51:859262]Socket_CUS EventWorker进程[ID:1,pid:5531]创建
[INFO 2018-08-05 14:02:51:859492]Socket_CUS EventWorker进程[ID:2,pid:5532]创建
[INFO 2018-08-05 14:03:41:223999]Log_CUS 日志库成功
[INFO 2018-08-05 14:03:41:224095]CUS 开始初始化,开放端口:23345
[INFO 2018-08-05 14:03:41:224249]Log_CUS 日志库成功
[INFO 2018-08-05 14:03:41:224894]Socket_CUS swoole版本为:4.0.3
[INFO 2018-08-05 14:03:41:330825]Socket_CUS Reactor主线程启动,开始监听
[INFO 2018-08-05 14:03:41:332787]Socket_CUS EventWorker进程[ID:0,pid:5553]创建
[INFO 2018-08-05 14:03:41:333013]Socket_CUS EventWorker进程[ID:1,pid:5554]创建
[INFO 2018-08-05 14:03:41:333342]Socket_CUS EventWorker进程[ID:2,pid:5555]创建
[INFO 2018-08-05 14:04:37:677399]Log_CUS 日志库成功
[INFO 2018-08-05 14:04:37:677491]CUS 开始初始化,开放端口:23345
[INFO 2018-08-05 14:04:37:677646]Log_CUS 日志库成功
[INFO 2018-08-05 14:04:37:678316]Socket_CUS swoole版本为:4.0.3
[INFO 2018-08-05 14:04:37:786203]Socket_CUS EventWorker进程[ID:0,pid:5581]创建
[INFO 2018-08-05 14:04:37:787040]Socket_CUS EventWorker进程[ID:1,pid:5582]创建
[INFO 2018-08-05 14:04:37:787866]Socket_CUS EventWorker进程[ID:2,pid:5583]创建
[INFO 2018-08-05 14:04:37:788264]Socket_CUS Reactor主线程启动,开始监听
[INFO 2018-08-05 14:09:54:093886]Log_CUS 日志库成功
[INFO 2018-08-05 14:09:54:093976]CUS 开始初始化,开放端口:23345
[INFO 2018-08-05 14:09:54:094128]Log_CUS 日志库成功
[INFO 2018-08-05 14:09:54:094779]Socket_CUS swoole版本为:4.0.3
[INFO 2018-08-05 14:09:54:203072]Socket_CUS EventWorker进程[ID:0,pid:5699]创建
[INFO 2018-08-05 14:09:54:203415]Socket_CUS EventWorker进程[ID:1,pid:5700]创建
[INFO 2018-08-05 14:09:54:203920]Socket_CUS EventWorker进程[ID:2,pid:5701]创建
[INFO 2018-08-05 14:09:54:204370]Socket_CUS Reactor主线程启动,开始监听
[INFO 2018-08-05 14:10:20:051633]Log_CUS 日志库成功
[INFO 2018-08-05 14:10:20:051751]CUS 开始初始化,开放端口:23345
[INFO 2018-08-05 14:10:20:051922]Log_CUS 日志库成功
[INFO 2018-08-05 14:10:20:052630]Socket_CUS swoole版本为:4.0.3
[INFO 2018-08-05 14:10:20:158595]Socket_CUS Reactor主线程启动,开始监听
[INFO 2018-08-05 14:10:20:160219]Socket_CUS EventWorker进程[ID:0,pid:5713]创建
[INFO 2018-08-05 14:10:20:160749]Socket_CUS EventWorker进程[ID:1,pid:5714]创建
[INFO 2018-08-05 14:10:20:160897]Socket_CUS EventWorker进程[ID:2,pid:5715]创建
[INFO 2018-08-05 14:11:11:994029]Log_CUS 日志库成功
[INFO 2018-08-05 14:11:11:994121]CUS 开始初始化,开放端口:23345
[INFO 2018-08-05 14:11:11:994272]Log_CUS 日志库成功
[INFO 2018-08-05 14:11:11:994915]Socket_CUS swoole版本为:4.0.3
[INFO 2018-08-05 14:11:12:101531]Socket_CUS EventWorker进程[ID:0,pid:5738]创建
[INFO 2018-08-05 14:11:12:101766]Socket_CUS EventWorker进程[ID:1,pid:5739]创建
[INFO 2018-08-05 14:11:12:101877]Socket_CUS EventWorker进程[ID:2,pid:5740]创建
[INFO 2018-08-05 14:11:12:103933]Socket_CUS Reactor主线程启动,开始监听
[INFO 2018-08-05 14:11:49:287249]Log_CUS 日志库成功
[INFO 2018-08-05 14:11:49:287341]CUS 开始初始化,开放端口:23345
[INFO 2018-08-05 14:11:49:287496]Log_CUS 日志库成功
[INFO 2018-08-05 14:11:49:288155]Socket_CUS swoole版本为:4.0.3
[INFO 2018-08-05 14:11:49:393850]Socket_CUS Reactor主线程启动,开始监听
[INFO 2018-08-05 14:11:49:395859]Socket_CUS EventWorker进程[ID:0,pid:5756]创建
[INFO 2018-08-05 14:11:49:396466]Socket_CUS EventWorker进程[ID:1,pid:5757]创建
[INFO 2018-08-05 14:11:49:396705]Socket_CUS EventWorker进程[ID:2,pid:5758]创建
[INFO 2018-08-05 14:12:34:792848]Log_CUS 日志库成功
[INFO 2018-08-05 14:12:34:792939]CUS 开始初始化,开放端口:23345
[INFO 2018-08-05 14:12:34:793091]Log_CUS 日志库成功
[INFO 2018-08-05 14:12:34:793797]Socket_CUS swoole版本为:4.0.3
[INFO 2018-08-05 14:12:34:900308]Socket_CUS Reactor主线程启动,开始监听
[INFO 2018-08-05 14:12:34:901323]Socket_CUS EventWorker进程[ID:0,pid:5779]创建
[INFO 2018-08-05 14:12:34:902053]Socket_CUS EventWorker进程[ID:1,pid:5780]创建
[INFO 2018-08-05 14:12:34:902875]Socket_CUS EventWorker进程[ID:2,pid:5781]创建
[INFO 2018-08-05 14:13:57:340632]Log_CUS 日志库成功
[INFO 2018-08-05 14:13:57:340722]CUS 开始初始化,开放端口:23345
[INFO 2018-08-05 14:13:57:340880]Log_CUS 日志库成功
[INFO 2018-08-05 14:13:57:341570]Socket_CUS swoole版本为:4.0.3
[INFO 2018-08-05 14:13:57:446905]Socket_CUS Reactor主线程启动,开始监听
[INFO 2018-08-05 14:13:57:448832]Socket_CUS EventWorker进程[ID:0,pid:5814]创建
[INFO 2018-08-05 14:13:57:449158]Socket_CUS EventWorker进程[ID:1,pid:5815]创建
[INFO 2018-08-05 14:13:57:449421]Socket_CUS EventWorker进程[ID:2,pid:5816]创建
