[01-Aug-2018 11:33:03 UTC] PHP Fatal error:  Uncaught Error: Call to a member function log_info() on null in /Users/franklin/Documents/ITR-SSO/Central_Server/Socket.php:11
Stack trace:
#0 /Users/franklin/Documents/ITR-SSO/Central_Server/Main.php(21): Socket->__construct(Array)
#1 {main}
  thrown in /Users/franklin/Documents/ITR-SSO/Central_Server/Socket.php on line 11
[01-Aug-2018 20:15:10 Asia/Shanghai] PHP Warning:  Swoole\Server::tick() expects at least 2 parameters, 0 given in /Users/franklin/Documents/ITR-SSO/Central_Server/Socket.php on line 55
[01-Aug-2018 13:01:47 UTC] PHP Parse error:  syntax error, unexpected '$this' (T_VARIABLE) in /Users/franklin/Documents/ITR-SSO/Central_Server/Socket.php on line 41
[01-Aug-2018 13:02:16 UTC] PHP Parse error:  syntax error, unexpected 'if' (T_IF), expecting ',' or ')' in /Users/franklin/Documents/ITR-SSO/Central_Server/Socket.php on line 44
[01-Aug-2018 21:03:30 Asia/Shanghai] PHP Fatal error:  Swoole\Server::start(): failed to start server. Error: swServer_start_check: onTask is null in /Users/franklin/Documents/ITR-SSO/Central_Server/Socket.php on line 60
[04-Aug-2018 17:35:56 Asia/Shanghai] PHP Fatal error:  Uncaught Swoole\Exception: failed to listen server port[127.0.0.1:23345]. Error: Address already in use[48]. in /Users/franklin/Documents/ITR-SSO/Central_Server/Socket.php:13
Stack trace:
#0 /Users/franklin/Documents/ITR-SSO/Central_Server/Socket.php(13): Swoole\Server->__construct('127.0.0.1', 23345)
#1 /Users/franklin/Documents/ITR-SSO/Central_Server/Main.php(21): Socket->__construct(Array)
#2 {main}
  thrown in /Users/franklin/Documents/ITR-SSO/Central_Server/Socket.php on line 13
[04-Aug-2018 18:17:49 Asia/Shanghai] PHP Recoverable fatal error:  Object of class PDOStatement could not be converted to string in /Users/franklin/Documents/ITR-SSO/Central_Server/Db.php on line 34
[04-Aug-2018 18:17:49 Asia/Shanghai] PHP Warning:  PDO::query(): MySQL server has gone away in /Users/franklin/Documents/ITR-SSO/Central_Server/Db.php on line 24
[04-Aug-2018 18:17:49 Asia/Shanghai] PHP Warning:  PDO::query(): Error reading result set's header in /Users/franklin/Documents/ITR-SSO/Central_Server/Db.php on line 24
[04-Aug-2018 18:17:49 Asia/Shanghai] PHP Fatal error:  Uncaught Error: Call to a member function fetchColumn() on boolean in /Users/franklin/Documents/ITR-SSO/Central_Server/Db.php:25
Stack trace:
#0 /Users/franklin/Documents/ITR-SSO/Central_Server/Socket.php(49): Db->query_listen_task()
#1 {main}
  thrown in /Users/franklin/Documents/ITR-SSO/Central_Server/Db.php on line 25
[04-Aug-2018 18:17:50 Asia/Shanghai] PHP Warning:  Error while sending QUERY packet. PID=3802 in /Users/franklin/Documents/ITR-SSO/Central_Server/Db.php on line 24
[04-Aug-2018 18:17:50 Asia/Shanghai] PHP Fatal error:  Uncaught Error: Call to a member function fetchColumn() on boolean in /Users/franklin/Documents/ITR-SSO/Central_Server/Db.php:25
Stack trace:
#0 /Users/franklin/Documents/ITR-SSO/Central_Server/Socket.php(49): Db->query_listen_task()
#1 {main}
  thrown in /Users/franklin/Documents/ITR-SSO/Central_Server/Db.php on line 25
[04-Aug-2018 18:17:50 Asia/Shanghai] PHP Warning:  Error while sending QUERY packet. PID=3803 in /Users/franklin/Documents/ITR-SSO/Central_Server/Db.php on line 24
[04-Aug-2018 18:17:50 Asia/Shanghai] PHP Fatal error:  Uncaught Error: Call to a member function fetchColumn() on boolean in /Users/franklin/Documents/ITR-SSO/Central_Server/Db.php:25
Stack trace:
#0 /Users/franklin/Documents/ITR-SSO/Central_Server/Socket.php(49): Db->query_listen_task()
#1 {main}
  thrown in /Users/franklin/Documents/ITR-SSO/Central_Server/Db.php on line 25
[04-Aug-2018 18:17:50 Asia/Shanghai] PHP Warning:  Error while sending QUERY packet. PID=3804 in /Users/franklin/Documents/ITR-SSO/Central_Server/Db.php on line 24
[04-Aug-2018 18:17:50 Asia/Shanghai] PHP Fatal error:  Uncaught Error: Call to a member function fetchColumn() on boolean in /Users/franklin/Documents/ITR-SSO/Central_Server/Db.php:25
Stack trace:
#0 /Users/franklin/Documents/ITR-SSO/Central_Server/Socket.php(49): Db->query_listen_task()
#1 {main}
  thrown in /Users/franklin/Documents/ITR-SSO/Central_Server/Db.php on line 25
[04-Aug-2018 18:17:50 Asia/Shanghai] PHP Warning:  Error while sending QUERY packet. PID=3806 in /Users/franklin/Documents/ITR-SSO/Central_Server/Db.php on line 24
[04-Aug-2018 18:17:50 Asia/Shanghai] PHP Fatal error:  Uncaught Error: Call to a member function fetchColumn() on boolean in /Users/franklin/Documents/ITR-SSO/Central_Server/Db.php:25
Stack trace:
#0 /Users/franklin/Documents/ITR-SSO/Central_Server/Socket.php(49): Db->query_listen_task()
#1 {main}
  thrown in /Users/franklin/Documents/ITR-SSO/Central_Server/Db.php on line 25
[04-Aug-2018 18:17:51 Asia/Shanghai] PHP Warning:  Error while sending QUERY packet. PID=3807 in /Users/franklin/Documents/ITR-SSO/Central_Server/Db.php on line 24
[04-Aug-2018 18:17:51 Asia/Shanghai] PHP Fatal error:  Uncaught Error: Call to a member function fetchColumn() on boolean in /Users/franklin/Documents/ITR-SSO/Central_Server/Db.php:25
Stack trace:
#0 /Users/franklin/Documents/ITR-SSO/Central_Server/Socket.php(49): Db->query_listen_task()
#1 {main}
  thrown in /Users/franklin/Documents/ITR-SSO/Central_Server/Db.php on line 25
[04-Aug-2018 18:17:51 Asia/Shanghai] PHP Warning:  Error while sending QUERY packet. PID=3808 in /Users/franklin/Documents/ITR-SSO/Central_Server/Db.php on line 24
[04-Aug-2018 18:17:51 Asia/Shanghai] PHP Fatal error:  Uncaught Error: Call to a member function fetchColumn() on boolean in /Users/franklin/Documents/ITR-SSO/Central_Server/Db.php:25
Stack trace:
#0 /Users/franklin/Documents/ITR-SSO/Central_Server/Socket.php(49): Db->query_listen_task()
#1 {main}
  thrown in /Users/franklin/Documents/ITR-SSO/Central_Server/Db.php on line 25
[04-Aug-2018 18:17:51 Asia/Shanghai] PHP Warning:  Error while sending QUERY packet. PID=3809 in /Users/franklin/Documents/ITR-SSO/Central_Server/Db.php on line 24
[04-Aug-2018 18:17:51 Asia/Shanghai] PHP Fatal error:  Uncaught Error: Call to a member function fetchColumn() on boolean in /Users/franklin/Documents/ITR-SSO/Central_Server/Db.php:25
Stack trace:
#0 /Users/franklin/Documents/ITR-SSO/Central_Server/Socket.php(49): Db->query_listen_task()
#1 {main}
  thrown in /Users/franklin/Documents/ITR-SSO/Central_Server/Db.php on line 25
[04-Aug-2018 18:17:51 Asia/Shanghai] PHP Warning:  Error while sending QUERY packet. PID=3810 in /Users/franklin/Documents/ITR-SSO/Central_Server/Db.php on line 24
[04-Aug-2018 18:17:51 Asia/Shanghai] PHP Fatal error:  Uncaught Error: Call to a member function fetchColumn() on boolean in /Users/franklin/Documents/ITR-SSO/Central_Server/Db.php:25
Stack trace:
#0 /Users/franklin/Documents/ITR-SSO/Central_Server/Socket.php(49): Db->query_listen_task()
#1 {main}
  thrown in /Users/franklin/Documents/ITR-SSO/Central_Server/Db.php on line 25
[04-Aug-2018 18:19:12 Asia/Shanghai] PHP Recoverable fatal error:  Object of class PDOStatement could not be converted to string in /Users/franklin/Documents/ITR-SSO/Central_Server/Db.php on line 34
[04-Aug-2018 18:19:13 Asia/Shanghai] PHP Warning:  PDO::query(): MySQL server has gone away in /Users/franklin/Documents/ITR-SSO/Central_Server/Db.php on line 24
[04-Aug-2018 18:19:13 Asia/Shanghai] PHP Warning:  PDO::query(): Error reading result set's header in /Users/franklin/Documents/ITR-SSO/Central_Server/Db.php on line 24
[04-Aug-2018 18:19:13 Asia/Shanghai] PHP Fatal error:  Uncaught Error: Call to a member function fetchColumn() on boolean in /Users/franklin/Documents/ITR-SSO/Central_Server/Db.php:25
Stack trace:
#0 /Users/franklin/Documents/ITR-SSO/Central_Server/Socket.php(49): Db->query_listen_task()
#1 {main}
  thrown in /Users/franklin/Documents/ITR-SSO/Central_Server/Db.php on line 25
[04-Aug-2018 18:19:13 Asia/Shanghai] PHP Warning:  Error while sending QUERY packet. PID=3846 in /Users/franklin/Documents/ITR-SSO/Central_Server/Db.php on line 24
[04-Aug-2018 18:19:13 Asia/Shanghai] PHP Fatal error:  Uncaught Error: Call to a member function fetchColumn() on boolean in /Users/franklin/Documents/ITR-SSO/Central_Server/Db.php:25
Stack trace:
#0 /Users/franklin/Documents/ITR-SSO/Central_Server/Socket.php(49): Db->query_listen_task()
#1 {main}
  thrown in /Users/franklin/Documents/ITR-SSO/Central_Server/Db.php on line 25
[04-Aug-2018 18:19:13 Asia/Shanghai] PHP Warning:  Error while sending QUERY packet. PID=3847 in /Users/franklin/Documents/ITR-SSO/Central_Server/Db.php on line 24
[04-Aug-2018 18:19:13 Asia/Shanghai] PHP Fatal error:  Uncaught Error: Call to a member function fetchColumn() on boolean in /Users/franklin/Documents/ITR-SSO/Central_Server/Db.php:25
Stack trace:
#0 /Users/franklin/Documents/ITR-SSO/Central_Server/Socket.php(49): Db->query_listen_task()
#1 {main}
  thrown in /Users/franklin/Documents/ITR-SSO/Central_Server/Db.php on line 25
[04-Aug-2018 18:19:13 Asia/Shanghai] PHP Warning:  Error while sending QUERY packet. PID=3848 in /Users/franklin/Documents/ITR-SSO/Central_Server/Db.php on line 24
[04-Aug-2018 18:19:13 Asia/Shanghai] PHP Fatal error:  Uncaught Error: Call to a member function fetchColumn() on boolean in /Users/franklin/Documents/ITR-SSO/Central_Server/Db.php:25
Stack trace:
#0 /Users/franklin/Documents/ITR-SSO/Central_Server/Socket.php(49): Db->query_listen_task()
#1 {main}
  thrown in /Users/franklin/Documents/ITR-SSO/Central_Server/Db.php on line 25
[04-Aug-2018 18:19:13 Asia/Shanghai] PHP Warning:  Error while sending QUERY packet. PID=3850 in /Users/franklin/Documents/ITR-SSO/Central_Server/Db.php on line 24
[04-Aug-2018 18:19:13 Asia/Shanghai] PHP Fatal error:  Uncaught Error: Call to a member function fetchColumn() on boolean in /Users/franklin/Documents/ITR-SSO/Central_Server/Db.php:25
Stack trace:
#0 /Users/franklin/Documents/ITR-SSO/Central_Server/Socket.php(49): Db->query_listen_task()
#1 {main}
  thrown in /Users/franklin/Documents/ITR-SSO/Central_Server/Db.php on line 25
[04-Aug-2018 18:19:14 Asia/Shanghai] PHP Warning:  Error while sending QUERY packet. PID=3851 in /Users/franklin/Documents/ITR-SSO/Central_Server/Db.php on line 24
[04-Aug-2018 18:19:14 Asia/Shanghai] PHP Fatal error:  Uncaught Error: Call to a member function fetchColumn() on boolean in /Users/franklin/Documents/ITR-SSO/Central_Server/Db.php:25
Stack trace:
#0 /Users/franklin/Documents/ITR-SSO/Central_Server/Socket.php(49): Db->query_listen_task()
#1 {main}
  thrown in /Users/franklin/Documents/ITR-SSO/Central_Server/Db.php on line 25
[04-Aug-2018 18:19:14 Asia/Shanghai] PHP Warning:  Error while sending QUERY packet. PID=3852 in /Users/franklin/Documents/ITR-SSO/Central_Server/Db.php on line 24
[04-Aug-2018 18:19:14 Asia/Shanghai] PHP Fatal error:  Uncaught Error: Call to a member function fetchColumn() on boolean in /Users/franklin/Documents/ITR-SSO/Central_Server/Db.php:25
Stack trace:
#0 /Users/franklin/Documents/ITR-SSO/Central_Server/Socket.php(49): Db->query_listen_task()
#1 {main}
  thrown in /Users/franklin/Documents/ITR-SSO/Central_Server/Db.php on line 25
[04-Aug-2018 18:20:37 Asia/Shanghai] PHP Recoverable fatal error:  Object of class PDOStatement could not be converted to string in /Users/franklin/Documents/ITR-SSO/Central_Server/Db.php on line 34
[04-Aug-2018 18:20:38 Asia/Shanghai] PHP Warning:  PDO::query(): MySQL server has gone away in /Users/franklin/Documents/ITR-SSO/Central_Server/Db.php on line 24
[04-Aug-2018 18:20:38 Asia/Shanghai] PHP Warning:  PDO::query(): Error reading result set's header in /Users/franklin/Documents/ITR-SSO/Central_Server/Db.php on line 24
[04-Aug-2018 18:20:38 Asia/Shanghai] PHP Fatal error:  Uncaught Error: Call to a member function fetchColumn() on boolean in /Users/franklin/Documents/ITR-SSO/Central_Server/Db.php:25
Stack trace:
#0 /Users/franklin/Documents/ITR-SSO/Central_Server/Socket.php(49): Db->query_listen_task()
#1 {main}
  thrown in /Users/franklin/Documents/ITR-SSO/Central_Server/Db.php on line 25
[05-Aug-2018 08:37:08 Asia/Shanghai] PHP Warning:  Use of undefined constant a - assumed 'a' (this will throw an Error in a future version of PHP) in /Users/franklin/Documents/ITR-SSO/Central_Server/Db.php on line 23
[05-Aug-2018 08:37:08 Asia/Shanghai] PHP Warning:  Use of undefined constant b - assumed 'b' (this will throw an Error in a future version of PHP) in /Users/franklin/Documents/ITR-SSO/Central_Server/Db.php on line 34
[05-Aug-2018 08:37:08 Asia/Shanghai] PHP Fatal error:  Uncaught Error: Call to undefined method Db::login() in /Users/franklin/Documents/ITR-SSO/Central_Server/Db.php:43
Stack trace:
#0 /Users/franklin/Documents/ITR-SSO/Central_Server/Socket.php(49): Db->query_listen_task()
#1 {main}
  thrown in /Users/franklin/Documents/ITR-SSO/Central_Server/Db.php on line 43
[05-Aug-2018 08:37:09 Asia/Shanghai] PHP Warning:  Use of undefined constant a - assumed 'a' (this will throw an Error in a future version of PHP) in /Users/franklin/Documents/ITR-SSO/Central_Server/Db.php on line 23
[05-Aug-2018 08:37:09 Asia/Shanghai] PHP Warning:  PDO::query(): MySQL server has gone away in /Users/franklin/Documents/ITR-SSO/Central_Server/Db.php on line 25
[05-Aug-2018 08:37:09 Asia/Shanghai] PHP Warning:  PDO::query(): Error reading result set's header in /Users/franklin/Documents/ITR-SSO/Central_Server/Db.php on line 25
[05-Aug-2018 08:37:09 Asia/Shanghai] PHP Fatal error:  Uncaught Error: Call to a member function fetchColumn() on boolean in /Users/franklin/Documents/ITR-SSO/Central_Server/Db.php:26
Stack trace:
#0 /Users/franklin/Documents/ITR-SSO/Central_Server/Socket.php(49): Db->query_listen_task()
#1 {main}
  thrown in /Users/franklin/Documents/ITR-SSO/Central_Server/Db.php on line 26
[05-Aug-2018 08:37:10 Asia/Shanghai] PHP Warning:  Use of undefined constant a - assumed 'a' (this will throw an Error in a future version of PHP) in /Users/franklin/Documents/ITR-SSO/Central_Server/Db.php on line 23
[05-Aug-2018 08:37:10 Asia/Shanghai] PHP Warning:  Error while sending QUERY packet. PID=751 in /Users/franklin/Documents/ITR-SSO/Central_Server/Db.php on line 25
[05-Aug-2018 08:37:10 Asia/Shanghai] PHP Fatal error:  Uncaught Error: Call to a member function fetchColumn() on boolean in /Users/franklin/Documents/ITR-SSO/Central_Server/Db.php:26
Stack trace:
#0 /Users/franklin/Documents/ITR-SSO/Central_Server/Socket.php(49): Db->query_listen_task()
#1 {main}
  thrown in /Users/franklin/Documents/ITR-SSO/Central_Server/Db.php on line 26
[05-Aug-2018 08:37:11 Asia/Shanghai] PHP Warning:  Use of undefined constant a - assumed 'a' (this will throw an Error in a future version of PHP) in /Users/franklin/Documents/ITR-SSO/Central_Server/Db.php on line 23
[05-Aug-2018 08:37:11 Asia/Shanghai] PHP Warning:  Error while sending QUERY packet. PID=752 in /Users/franklin/Documents/ITR-SSO/Central_Server/Db.php on line 25
[05-Aug-2018 08:37:11 Asia/Shanghai] PHP Fatal error:  Uncaught Error: Call to a member function fetchColumn() on boolean in /Users/franklin/Documents/ITR-SSO/Central_Server/Db.php:26
Stack trace:
#0 /Users/franklin/Documents/ITR-SSO/Central_Server/Socket.php(49): Db->query_listen_task()
#1 {main}
  thrown in /Users/franklin/Documents/ITR-SSO/Central_Server/Db.php on line 26
[05-Aug-2018 08:37:12 Asia/Shanghai] PHP Warning:  Use of undefined constant a - assumed 'a' (this will throw an Error in a future version of PHP) in /Users/franklin/Documents/ITR-SSO/Central_Server/Db.php on line 23
[05-Aug-2018 08:37:12 Asia/Shanghai] PHP Warning:  Error while sending QUERY packet. PID=753 in /Users/franklin/Documents/ITR-SSO/Central_Server/Db.php on line 25
[05-Aug-2018 08:37:12 Asia/Shanghai] PHP Fatal error:  Uncaught Error: Call to a member function fetchColumn() on boolean in /Users/franklin/Documents/ITR-SSO/Central_Server/Db.php:26
Stack trace:
#0 /Users/franklin/Documents/ITR-SSO/Central_Server/Socket.php(49): Db->query_listen_task()
#1 {main}
  thrown in /Users/franklin/Documents/ITR-SSO/Central_Server/Db.php on line 26
[05-Aug-2018 08:37:13 Asia/Shanghai] PHP Warning:  Use of undefined constant a - assumed 'a' (this will throw an Error in a future version of PHP) in /Users/franklin/Documents/ITR-SSO/Central_Server/Db.php on line 23
[05-Aug-2018 08:37:13 Asia/Shanghai] PHP Warning:  Error while sending QUERY packet. PID=755 in /Users/franklin/Documents/ITR-SSO/Central_Server/Db.php on line 25
[05-Aug-2018 08:37:13 Asia/Shanghai] PHP Fatal error:  Uncaught Error: Call to a member function fetchColumn() on boolean in /Users/franklin/Documents/ITR-SSO/Central_Server/Db.php:26
Stack trace:
#0 /Users/franklin/Documents/ITR-SSO/Central_Server/Socket.php(49): Db->query_listen_task()
#1 {main}
  thrown in /Users/franklin/Documents/ITR-SSO/Central_Server/Db.php on line 26
[05-Aug-2018 08:37:14 Asia/Shanghai] PHP Warning:  Use of undefined constant a - assumed 'a' (this will throw an Error in a future version of PHP) in /Users/franklin/Documents/ITR-SSO/Central_Server/Db.php on line 23
[05-Aug-2018 08:37:14 Asia/Shanghai] PHP Warning:  Error while sending QUERY packet. PID=756 in /Users/franklin/Documents/ITR-SSO/Central_Server/Db.php on line 25
[05-Aug-2018 08:37:14 Asia/Shanghai] PHP Fatal error:  Uncaught Error: Call to a member function fetchColumn() on boolean in /Users/franklin/Documents/ITR-SSO/Central_Server/Db.php:26
Stack trace:
#0 /Users/franklin/Documents/ITR-SSO/Central_Server/Socket.php(49): Db->query_listen_task()
#1 {main}
  thrown in /Users/franklin/Documents/ITR-SSO/Central_Server/Db.php on line 26
[05-Aug-2018 08:38:53 Asia/Shanghai] PHP Recoverable fatal error:  Object of class PDOStatement could not be converted to string in /Users/franklin/Documents/ITR-SSO/Central_Server/Db.php on line 34
[05-Aug-2018 08:38:54 Asia/Shanghai] PHP Warning:  PDO::query(): MySQL server has gone away in /Users/franklin/Documents/ITR-SSO/Central_Server/Db.php on line 24
[05-Aug-2018 08:38:54 Asia/Shanghai] PHP Warning:  PDO::query(): Error reading result set's header in /Users/franklin/Documents/ITR-SSO/Central_Server/Db.php on line 24
[05-Aug-2018 08:38:54 Asia/Shanghai] PHP Fatal error:  Uncaught Error: Call to a member function fetchColumn() on boolean in /Users/franklin/Documents/ITR-SSO/Central_Server/Db.php:25
Stack trace:
#0 /Users/franklin/Documents/ITR-SSO/Central_Server/Socket.php(49): Db->query_listen_task()
#1 {main}
  thrown in /Users/franklin/Documents/ITR-SSO/Central_Server/Db.php on line 25
[05-Aug-2018 08:41:16 Asia/Shanghai] PHP Recoverable fatal error:  Object of class PDOStatement could not be converted to string in /Users/franklin/Documents/ITR-SSO/Central_Server/Db.php on line 34
[05-Aug-2018 08:41:17 Asia/Shanghai] PHP Warning:  PDO::query(): MySQL server has gone away in /Users/franklin/Documents/ITR-SSO/Central_Server/Db.php on line 24
[05-Aug-2018 08:41:17 Asia/Shanghai] PHP Warning:  PDO::query(): Error reading result set's header in /Users/franklin/Documents/ITR-SSO/Central_Server/Db.php on line 24
[05-Aug-2018 08:41:17 Asia/Shanghai] PHP Fatal error:  Uncaught Error: Call to a member function fetchColumn() on boolean in /Users/franklin/Documents/ITR-SSO/Central_Server/Db.php:25
Stack trace:
#0 /Users/franklin/Documents/ITR-SSO/Central_Server/Socket.php(49): Db->query_listen_task()
#1 {main}
  thrown in /Users/franklin/Documents/ITR-SSO/Central_Server/Db.php on line 25
[05-Aug-2018 12:10:42 Asia/Shanghai] PHP Fatal error:  Uncaught Error: Call to a member function fetchColumn() on null in /Users/franklin/Documents/ITR-SSO/Central_Server/Db.php:25
Stack trace:
#0 /Users/franklin/Documents/ITR-SSO/Central_Server/Socket.php(49): Db->query_listen_task()
#1 {main}
  thrown in /Users/franklin/Documents/ITR-SSO/Central_Server/Db.php on line 25
[05-Aug-2018 12:13:14 Asia/Shanghai] PHP Fatal error:  Uncaught Error: Call to undefined function fetchColumn() in /Users/franklin/Documents/ITR-SSO/Central_Server/Db.php:64
Stack trace:
#0 /Users/franklin/Documents/ITR-SSO/Central_Server/Db.php(41): Db->login(Object(stdClass))
#1 /Users/franklin/Documents/ITR-SSO/Central_Server/Socket.php(49): Db->query_listen_task()
#2 {main}
  thrown in /Users/franklin/Documents/ITR-SSO/Central_Server/Db.php on line 64
[05-Aug-2018 04:16:34 UTC] PHP Parse error:  syntax error, unexpected '}' in /Users/franklin/Documents/ITR-SSO/Central_Server/Db.php on line 68
[05-Aug-2018 12:16:43 Asia/Shanghai] PHP Warning:  count(): Parameter must be an array or an object that implements Countable in /Users/franklin/Documents/ITR-SSO/Central_Server/Db.php on line 65
[05-Aug-2018 12:16:43 Asia/Shanghai] PHP Warning:  count(): Parameter must be an array or an object that implements Countable in /Users/franklin/Documents/ITR-SSO/Central_Server/Db.php on line 66
[05-Aug-2018 12:16:44 Asia/Shanghai] PHP Warning:  count(): Parameter must be an array or an object that implements Countable in /Users/franklin/Documents/ITR-SSO/Central_Server/Db.php on line 65
[05-Aug-2018 12:16:44 Asia/Shanghai] PHP Warning:  count(): Parameter must be an array or an object that implements Countable in /Users/franklin/Documents/ITR-SSO/Central_Server/Db.php on line 66
[05-Aug-2018 12:16:45 Asia/Shanghai] PHP Warning:  count(): Parameter must be an array or an object that implements Countable in /Users/franklin/Documents/ITR-SSO/Central_Server/Db.php on line 65
[05-Aug-2018 12:16:45 Asia/Shanghai] PHP Warning:  count(): Parameter must be an array or an object that implements Countable in /Users/franklin/Documents/ITR-SSO/Central_Server/Db.php on line 66
[05-Aug-2018 12:17:49 Asia/Shanghai] PHP Warning:  count(): Parameter must be an array or an object that implements Countable in /Users/franklin/Documents/ITR-SSO/Central_Server/Db.php on line 66
[05-Aug-2018 12:17:50 Asia/Shanghai] PHP Warning:  count(): Parameter must be an array or an object that implements Countable in /Users/franklin/Documents/ITR-SSO/Central_Server/Db.php on line 66
[05-Aug-2018 12:21:40 Asia/Shanghai] PHP Warning:  count(): Parameter must be an array or an object that implements Countable in /Users/franklin/Documents/ITR-SSO/Central_Server/Db.php on line 65
[05-Aug-2018 12:21:41 Asia/Shanghai] PHP Warning:  count(): Parameter must be an array or an object that implements Countable in /Users/franklin/Documents/ITR-SSO/Central_Server/Db.php on line 65
[05-Aug-2018 12:21:42 Asia/Shanghai] PHP Warning:  count(): Parameter must be an array or an object that implements Countable in /Users/franklin/Documents/ITR-SSO/Central_Server/Db.php on line 65
[05-Aug-2018 04:35:25 UTC] PHP Parse error:  syntax error, unexpected 'break' (T_BREAK) in /Users/franklin/Documents/ITR-SSO/Central_Server/Db.php on line 80
[05-Aug-2018 04:35:35 UTC] PHP Parse error:  syntax error, unexpected end of file, expecting function (T_FUNCTION) or const (T_CONST) in /Users/franklin/Documents/ITR-SSO/Central_Server/Db.php on line 91
[05-Aug-2018 05:52:31 UTC] PHP Parse error:  syntax error, unexpected 'var_dump' (T_STRING), expecting case (T_CASE) or default (T_DEFAULT) or '}' in /Users/franklin/Documents/ITR-SSO/Central_Server/Db.php on line 40
[05-Aug-2018 05:52:45 UTC] PHP Parse error:  syntax error, unexpected 'echo' (T_ECHO), expecting case (T_CASE) or default (T_DEFAULT) or '}' in /Users/franklin/Documents/ITR-SSO/Central_Server/Db.php on line 40
[05-Aug-2018 13:57:07 Asia/Shanghai] PHP Fatal error:  Uncaught Error: Cannot use object of type stdClass as array in /Users/franklin/Documents/ITR-SSO/Central_Server/Db.php:104
Stack trace:
#0 /Users/franklin/Documents/ITR-SSO/Central_Server/Db.php(44): Db->logout(Object(stdClass))
#1 /Users/franklin/Documents/ITR-SSO/Central_Server/Socket.php(49): Db->query_listen_task()
#2 {main}
  thrown in /Users/franklin/Documents/ITR-SSO/Central_Server/Db.php on line 104
[05-Aug-2018 13:57:08 Asia/Shanghai] PHP Warning:  PDO::query(): MySQL server has gone away in /Users/franklin/Documents/ITR-SSO/Central_Server/Db.php on line 24
[05-Aug-2018 13:57:08 Asia/Shanghai] PHP Warning:  PDO::query(): Error reading result set's header in /Users/franklin/Documents/ITR-SSO/Central_Server/Db.php on line 24
[05-Aug-2018 13:57:08 Asia/Shanghai] PHP Fatal error:  Uncaught Error: Call to a member function fetchColumn() on boolean in /Users/franklin/Documents/ITR-SSO/Central_Server/Db.php:25
Stack trace:
#0 /Users/franklin/Documents/ITR-SSO/Central_Server/Socket.php(49): Db->query_listen_task()
#1 {main}
  thrown in /Users/franklin/Documents/ITR-SSO/Central_Server/Db.php on line 25
[05-Aug-2018 13:57:09 Asia/Shanghai] PHP Warning:  Error while sending QUERY packet. PID=5376 in /Users/franklin/Documents/ITR-SSO/Central_Server/Db.php on line 24
[05-Aug-2018 13:57:09 Asia/Shanghai] PHP Fatal error:  Uncaught Error: Call to a member function fetchColumn() on boolean in /Users/franklin/Documents/ITR-SSO/Central_Server/Db.php:25
Stack trace:
#0 /Users/franklin/Documents/ITR-SSO/Central_Server/Socket.php(49): Db->query_listen_task()
#1 {main}
  thrown in /Users/franklin/Documents/ITR-SSO/Central_Server/Db.php on line 25
[05-Aug-2018 13:58:32 Asia/Shanghai] PHP Fatal error:  Uncaught Error: Cannot use object of type stdClass as array in /Users/franklin/Documents/ITR-SSO/Central_Server/Db.php:104
Stack trace:
#0 /Users/franklin/Documents/ITR-SSO/Central_Server/Db.php(44): Db->logout(Object(stdClass))
#1 /Users/franklin/Documents/ITR-SSO/Central_Server/Socket.php(49): Db->query_listen_task()
#2 {main}
  thrown in /Users/franklin/Documents/ITR-SSO/Central_Server/Db.php on line 104
[05-Aug-2018 13:58:33 Asia/Shanghai] PHP Warning:  PDO::query(): MySQL server has gone away in /Users/franklin/Documents/ITR-SSO/Central_Server/Db.php on line 24
[05-Aug-2018 13:58:33 Asia/Shanghai] PHP Warning:  PDO::query(): Error reading result set's header in /Users/franklin/Documents/ITR-SSO/Central_Server/Db.php on line 24
[05-Aug-2018 13:58:33 Asia/Shanghai] PHP Fatal error:  Uncaught Error: Call to a member function fetchColumn() on boolean in /Users/franklin/Documents/ITR-SSO/Central_Server/Db.php:25
Stack trace:
#0 /Users/franklin/Documents/ITR-SSO/Central_Server/Socket.php(49): Db->query_listen_task()
#1 {main}
  thrown in /Users/franklin/Documents/ITR-SSO/Central_Server/Db.php on line 25
[05-Aug-2018 13:58:34 Asia/Shanghai] PHP Warning:  Error while sending QUERY packet. PID=5416 in /Users/franklin/Documents/ITR-SSO/Central_Server/Db.php on line 24
[05-Aug-2018 13:58:34 Asia/Shanghai] PHP Fatal error:  Uncaught Error: Call to a member function fetchColumn() on boolean in /Users/franklin/Documents/ITR-SSO/Central_Server/Db.php:25
Stack trace:
#0 /Users/franklin/Documents/ITR-SSO/Central_Server/Socket.php(49): Db->query_listen_task()
#1 {main}
  thrown in /Users/franklin/Documents/ITR-SSO/Central_Server/Db.php on line 25
[05-Aug-2018 14:02:17 Asia/Shanghai] PHP Fatal error:  Uncaught Error: Cannot use object of type stdClass as array in /Users/franklin/Documents/ITR-SSO/Central_Server/Db.php:102
Stack trace:
#0 /Users/franklin/Documents/ITR-SSO/Central_Server/Db.php(44): Db->logout(Object(stdClass))
#1 /Users/franklin/Documents/ITR-SSO/Central_Server/Socket.php(49): Db->query_listen_task()
#2 {main}
  thrown in /Users/franklin/Documents/ITR-SSO/Central_Server/Db.php on line 102
[05-Aug-2018 14:02:18 Asia/Shanghai] PHP Warning:  PDO::query(): MySQL server has gone away in /Users/franklin/Documents/ITR-SSO/Central_Server/Db.php on line 24
[05-Aug-2018 14:02:18 Asia/Shanghai] PHP Warning:  PDO::query(): Error reading result set's header in /Users/franklin/Documents/ITR-SSO/Central_Server/Db.php on line 24
[05-Aug-2018 14:02:18 Asia/Shanghai] PHP Fatal error:  Uncaught Error: Call to a member function fetchColumn() on boolean in /Users/franklin/Documents/ITR-SSO/Central_Server/Db.php:25
Stack trace:
#0 /Users/franklin/Documents/ITR-SSO/Central_Server/Socket.php(49): Db->query_listen_task()
#1 {main}
  thrown in /Users/franklin/Documents/ITR-SSO/Central_Server/Db.php on line 25
[05-Aug-2018 14:02:19 Asia/Shanghai] PHP Warning:  Error while sending QUERY packet. PID=5507 in /Users/franklin/Documents/ITR-SSO/Central_Server/Db.php on line 24
[05-Aug-2018 14:02:19 Asia/Shanghai] PHP Fatal error:  Uncaught Error: Call to a member function fetchColumn() on boolean in /Users/franklin/Documents/ITR-SSO/Central_Server/Db.php:25
Stack trace:
#0 /Users/franklin/Documents/ITR-SSO/Central_Server/Socket.php(49): Db->query_listen_task()
#1 {main}
  thrown in /Users/franklin/Documents/ITR-SSO/Central_Server/Db.php on line 25
[05-Aug-2018 14:02:20 Asia/Shanghai] PHP Warning:  Error while sending QUERY packet. PID=5508 in /Users/franklin/Documents/ITR-SSO/Central_Server/Db.php on line 24
[05-Aug-2018 14:02:20 Asia/Shanghai] PHP Fatal error:  Uncaught Error: Call to a member function fetchColumn() on boolean in /Users/franklin/Documents/ITR-SSO/Central_Server/Db.php:25
Stack trace:
#0 /Users/franklin/Documents/ITR-SSO/Central_Server/Socket.php(49): Db->query_listen_task()
#1 {main}
  thrown in /Users/franklin/Documents/ITR-SSO/Central_Server/Db.php on line 25
[05-Aug-2018 14:02:21 Asia/Shanghai] PHP Warning:  Error while sending QUERY packet. PID=5509 in /Users/franklin/Documents/ITR-SSO/Central_Server/Db.php on line 24
[05-Aug-2018 14:02:21 Asia/Shanghai] PHP Fatal error:  Uncaught Error: Call to a member function fetchColumn() on boolean in /Users/franklin/Documents/ITR-SSO/Central_Server/Db.php:25
Stack trace:
#0 /Users/franklin/Documents/ITR-SSO/Central_Server/Socket.php(49): Db->query_listen_task()
#1 {main}
  thrown in /Users/franklin/Documents/ITR-SSO/Central_Server/Db.php on line 25
[05-Aug-2018 14:02:22 Asia/Shanghai] PHP Warning:  Error while sending QUERY packet. PID=5511 in /Users/franklin/Documents/ITR-SSO/Central_Server/Db.php on line 24
[05-Aug-2018 14:02:22 Asia/Shanghai] PHP Fatal error:  Uncaught Error: Call to a member function fetchColumn() on boolean in /Users/franklin/Documents/ITR-SSO/Central_Server/Db.php:25
Stack trace:
#0 /Users/franklin/Documents/ITR-SSO/Central_Server/Socket.php(49): Db->query_listen_task()
#1 {main}
  thrown in /Users/franklin/Documents/ITR-SSO/Central_Server/Db.php on line 25
[05-Aug-2018 14:02:23 Asia/Shanghai] PHP Warning:  Error while sending QUERY packet. PID=5512 in /Users/franklin/Documents/ITR-SSO/Central_Server/Db.php on line 24
[05-Aug-2018 14:02:23 Asia/Shanghai] PHP Fatal error:  Uncaught Error: Call to a member function fetchColumn() on boolean in /Users/franklin/Documents/ITR-SSO/Central_Server/Db.php:25
Stack trace:
#0 /Users/franklin/Documents/ITR-SSO/Central_Server/Socket.php(49): Db->query_listen_task()
#1 {main}
  thrown in /Users/franklin/Documents/ITR-SSO/Central_Server/Db.php on line 25
[05-Aug-2018 14:02:24 Asia/Shanghai] PHP Warning:  Error while sending QUERY packet. PID=5513 in /Users/franklin/Documents/ITR-SSO/Central_Server/Db.php on line 24
[05-Aug-2018 14:02:24 Asia/Shanghai] PHP Fatal error:  Uncaught Error: Call to a member function fetchColumn() on boolean in /Users/franklin/Documents/ITR-SSO/Central_Server/Db.php:25
Stack trace:
#0 /Users/franklin/Documents/ITR-SSO/Central_Server/Socket.php(49): Db->query_listen_task()
#1 {main}
  thrown in /Users/franklin/Documents/ITR-SSO/Central_Server/Db.php on line 25
[05-Aug-2018 14:02:25 Asia/Shanghai] PHP Warning:  Error while sending QUERY packet. PID=5514 in /Users/franklin/Documents/ITR-SSO/Central_Server/Db.php on line 24
[05-Aug-2018 14:02:25 Asia/Shanghai] PHP Fatal error:  Uncaught Error: Call to a member function fetchColumn() on boolean in /Users/franklin/Documents/ITR-SSO/Central_Server/Db.php:25
Stack trace:
#0 /Users/franklin/Documents/ITR-SSO/Central_Server/Socket.php(49): Db->query_listen_task()
#1 {main}
  thrown in /Users/franklin/Documents/ITR-SSO/Central_Server/Db.php on line 25
[05-Aug-2018 14:02:26 Asia/Shanghai] PHP Warning:  Error while sending QUERY packet. PID=5517 in /Users/franklin/Documents/ITR-SSO/Central_Server/Db.php on line 24
[05-Aug-2018 14:02:26 Asia/Shanghai] PHP Fatal error:  Uncaught Error: Call to a member function fetchColumn() on boolean in /Users/franklin/Documents/ITR-SSO/Central_Server/Db.php:25
Stack trace:
#0 /Users/franklin/Documents/ITR-SSO/Central_Server/Socket.php(49): Db->query_listen_task()
#1 {main}
  thrown in /Users/franklin/Documents/ITR-SSO/Central_Server/Db.php on line 25
